test
+- run vendored_tests failure
expected 0, found 3072
main:
         st $31, $254, -80, 80
     addi64 $254, $254, -81
       li64 $40, 2025
       li64 $39, 1
       li64 $38, 31
       li64 $37, 21
       li64 $36, 53
       li64 $35, 26
         cp $1, $40
         cp $2, $39
         cp $3, $38
         cp $4, $37
         cp $5, $36
         cp $6, $35
        jal $31, $0, :unix-timestamp.hb.unix_timestamp_secs
         cp $2, $1
       li64 $1, 1738360406
     addi64 $34, $254, 0
       cmpu $1, $2, $1
      cmpui $1, $1, 0
       andi $1, $1, 1
         st $1, $254, 0, 1
       li64 $33, 1970
       li64 $32, 0
         cp $1, $33
         cp $2, $39
         cp $3, $39
         cp $4, $32
         cp $5, $32
         cp $6, $32
        jal $31, $0, :unix-timestamp.hb.unix_timestamp_secs
         ld $2, $254, 0, 1
       cmpu $1, $1, $32
      cmpui $1, $1, 0
       andi $1, $1, 1
         or $1, $2, $1
         st $1, $254, 0, 1
       li64 $6, 8
       li64 $1, 2038
       li64 $3, 19
       li64 $4, 3
       li64 $5, 14
         cp $2, $39
        jal $31, $0, :unix-timestamp.hb.unix_timestamp_secs
         cp $3, $1
       li64 $1, 2147483648
         ld $2, $254, 0, 1
       cmpu $1, $3, $1
      cmpui $1, $1, 0
       andi $1, $1, 1
         or $1, $2, $1
         st $1, $254, 0, 1
       li64 $4, 23
       li64 $5, 59
       li64 $2, 12
         cp $1, $33
         cp $3, $38
         cp $6, $5
        jal $31, $0, :unix-timestamp.hb.unix_timestamp_secs
         cp $3, $1
       li64 $1, 31535999
         ld $2, $254, 0, 1
       cmpu $1, $3, $1
      cmpui $1, $1, 0
       andi $1, $1, 1
         or $1, $2, $1
         st $1, $254, 0, 1
         cp $1, $40
         cp $2, $39
         cp $3, $38
         cp $4, $37
         cp $5, $36
         cp $6, $35
        jal $31, $0, :unix-timestamp.hb.unix_timestamp_secs
         cp $32, $1
         cp $1, $40
         cp $2, $39
         cp $3, $38
         cp $4, $37
         cp $5, $36
         cp $6, $35
        jal $31, $0, :unix-timestamp.hb.unix_timestamp_secs
         ld $2, $254, 0, 1
       cmpu $1, $32, $1
      cmpui $1, $1, 0
       andi $1, $1, 1
         or $1, $2, $1
         st $1, $254, 0, 1
         cp $1, $40
         cp $2, $39
         cp $3, $38
         cp $4, $37
         cp $5, $36
         cp $6, $35
        jal $31, $0, :unix-timestamp.hb.unix_timestamp_secs_lookup_table
         cp $32, $1
         cp $1, $40
         cp $2, $39
         cp $3, $38
         cp $4, $37
         cp $5, $36
         cp $6, $35
        jal $31, $0, :unix-timestamp.hb.unix_timestamp_secs
         ld $2, $254, 0, 1
       cmpu $1, $32, $1
      cmpui $1, $1, 0
       andi $1, $1, 1
         or $1, $2, $1
         st $1, $254, 0, 1
         cp $1, $40
         cp $2, $39
         cp $3, $38
         cp $4, $37
         cp $5, $36
         cp $6, $35
        jal $31, $0, :unix-timestamp.hb.unix_timestamp_secs_lookup_table
         cp $32, $1
         cp $1, $40
         cp $2, $39
         cp $3, $38
         cp $4, $37
         cp $5, $36
         cp $6, $35
        jal $31, $0, :unix-timestamp.hb.unix_timestamp_secs
         ld $2, $254, 0, 1
       cmpu $1, $32, $1
      cmpui $1, $1, 0
       andi $1, $1, 1
         or $1, $2, $1
         st $1, $254, 0, 1
         ld $1, $254, 0, 1
     addi64 $254, $254, 81
         ld $31, $254, -80, 80
         tx
unix-timestamp.hb.unix_timestamp_secs:
     addi64 $254, $254, -73
     addi64 $21, $254, 0
         st $1, $254, 0, 8
     addi64 $20, $254, 8
         st $2, $254, 8, 8
     addi64 $19, $254, 16
         st $3, $254, 16, 8
     addi64 $18, $254, 24
         st $4, $254, 24, 8
     addi64 $17, $254, 32
         st $5, $254, 32, 8
     addi64 $16, $254, 40
         st $6, $254, 40, 8
     addi64 $15, $254, 57
       li64 $14, 3
       li64 $13, 153
       li64 $12, 5
     addi64 $11, $254, 65
       li64 $10, 2
     addi64 $9, $254, 48
       li64 $8, 400
         ld $1, $254, 0, 8
       li64 $7, 4
       li64 $5, 100
     addi64 $6, $254, 49
       li64 $4, 0
     diru64 $0, $3, $1, $8
     diru64 $0, $2, $1, $7
     diru64 $0, $1, $1, $5
       cmpu $3, $3, $4
      cmpui $3, $3, 0
        not $3, $3
       cmpu $1, $1, $4
      cmpui $1, $1, 0
       andi $1, $1, 1
       cmpu $2, $2, $4
      cmpui $2, $2, 0
        not $2, $2
         or $1, $1, $3
        and $1, $2, $1
         st $1, $254, 48, 1
         ld $1, $254, 0, 8
     addi64 $2, $1, -1
     muli64 $4, $1, 365
     diru64 $1, $0, $2, $7
     diru64 $3, $0, $2, $8
     diru64 $2, $0, $2, $5
      add64 $1, $4, $1
      sub64 $1, $1, $2
      add64 $1, $1, $3
     addi64 $1, $1, -719527
         st $1, $254, 49, 8
         ld $2, $254, 8, 8
       cmpu $5, $2, $14
      cmpui $5, $5, -1
       andi $5, $5, 1
      mul64 $4, $13, $2
       cmpu $1, $2, $14
      cmpui $1, $1, -1
        not $1, $1
     addi64 $2, $2, -1
       andi $1, $1, 255
      mul64 $3, $1, $2
       andi $2, $5, 255
     addi64 $1, $4, -162
      mul64 $1, $2, $1
     muli64 $2, $3, 31
     diru64 $1, $0, $1, $12
      add64 $1, $2, $1
         st $1, $254, 57, 8
         ld $3, $254, 48, 1
         ld $1, $254, 8, 8
       cmpu $2, $1, $10
      cmpui $2, $2, 1
        not $2, $2
         ld $5, $254, 49, 8
         ld $1, $254, 16, 8
       andi $4, $3, 255
       andi $2, $2, 255
         ld $3, $254, 57, 8
      add64 $1, $5, $1
      mul64 $2, $4, $2
      add64 $1, $1, $3
      add64 $1, $1, $2
     addi64 $1, $1, -1
         st $1, $254, 65, 8
         ld $3, $254, 65, 8
         ld $1, $254, 24, 8
         ld $2, $254, 32, 8
         ld $4, $254, 40, 8
     muli64 $3, $3, 86400
     muli64 $1, $1, 3600
     muli64 $2, $2, 60
      add64 $1, $3, $1
      add64 $1, $1, $2
      add64 $1, $1, $4
     addi64 $254, $254, 73
       jala $0, $31, 0
unix-timestamp.hb.unix_timestamp_secs_lookup_table:
     addi64 $254, $254, -65
     addi64 $18, $254, 0
         st $1, $254, 0, 8
     addi64 $17, $254, 8
         st $2, $254, 8, 8
     addi64 $16, $254, 16
         st $3, $254, 16, 8
     addi64 $15, $254, 24
         st $4, $254, 24, 8
     addi64 $14, $254, 32
         st $5, $254, 32, 8
     addi64 $13, $254, 40
         st $6, $254, 40, 8
     addi64 $12, $254, 57
        lra $11, $0, :unix-timestamp.hb.sum_days
       li64 $10, 2
     addi64 $9, $254, 48
       li64 $8, 400
         ld $1, $254, 0, 8
       li64 $7, 4
       li64 $5, 100
     addi64 $6, $254, 49
       li64 $4, 0
     diru64 $0, $3, $1, $8
     diru64 $0, $2, $1, $7
     diru64 $0, $1, $1, $5
       cmpu $3, $3, $4
      cmpui $3, $3, 0
        not $3, $3
       cmpu $1, $1, $4
      cmpui $1, $1, 0
       andi $1, $1, 1
       cmpu $2, $2, $4
      cmpui $2, $2, 0
        not $2, $2
         or $1, $1, $3
        and $1, $2, $1
         st $1, $254, 48, 1
         ld $1, $254, 0, 8
     addi64 $4, $1, -1
     muli64 $2, $1, 365
     diru64 $1, $0, $4, $7
     diru64 $3, $0, $4, $5
      add64 $1, $2, $1
     diru64 $2, $0, $4, $8
      sub64 $1, $1, $3
      add64 $1, $1, $2
     addi64 $1, $1, -719527
         st $1, $254, 49, 8
         ld $2, $254, 8, 8
         ld $4, $254, 48, 1
     addi64 $1, $2, -1
       cmpu $2, $2, $10
      cmpui $2, $2, 1
        not $2, $2
     muli64 $1, $1, 8
      add64 $3, $11, $1
       andi $5, $4, 255
       andi $4, $2, 255
         ld $2, $254, 49, 8
         ld $1, $254, 16, 8
         ld $3, $3, 0, 8
      add64 $1, $2, $1
      mul64 $2, $5, $4
      add64 $1, $1, $3
      add64 $1, $1, $2
     addi64 $1, $1, -1
         st $1, $254, 57, 8
         ld $3, $254, 57, 8
         ld $1, $254, 24, 8
         ld $2, $254, 32, 8
         ld $4, $254, 40, 8
     muli64 $3, $3, 86400
     muli64 $1, $1, 3600
     muli64 $2, $2, 60
      add64 $1, $3, $1
      add64 $1, $1, $2
      add64 $1, $1, $4
     addi64 $254, $254, 65
       jala $0, $31, 0
      st $31=0, $254=127793, -80, 80
  addi64 $254=127793, $254, -81
    li64 $40=0, 2025
    li64 $39=0, 1
    li64 $38=0, 31
    li64 $37=0, 21
    li64 $36=0, 53
    li64 $35=0, 26
      cp $1=0, $40=2025
      cp $2=0, $39=1
      cp $3=0, $38=31
      cp $4=0, $37=21
      cp $5=0, $36=53
      cp $6=0, $35=26
     jal $31=0, $0=0, unix-timestamp.hb.unix_timestamp_secs
  addi64 $254=127712, $254, -73
  addi64 $21=0, $254=127639, 0
      st $1=2025, $254=127639, 0, 8
  addi64 $20=0, $254=127639, 8
      st $2=1, $254=127639, 8, 8
  addi64 $19=0, $254=127639, 16
      st $3=31, $254=127639, 16, 8
  addi64 $18=0, $254=127639, 24
      st $4=21, $254=127639, 24, 8
  addi64 $17=0, $254=127639, 32
      st $5=53, $254=127639, 32, 8
  addi64 $16=0, $254=127639, 40
      st $6=26, $254=127639, 40, 8
  addi64 $15=0, $254=127639, 57
    li64 $14=0, 3
    li64 $13=0, 153
    li64 $12=0, 5
  addi64 $11=0, $254=127639, 65
    li64 $10=0, 2
  addi64 $9=0, $254=127639, 48
    li64 $8=0, 400
      ld $1=2025, $254=127639, 0, 8
    li64 $7=0, 4
    li64 $5=53, 100
  addi64 $6=26, $254=127639, 49
    li64 $4=21, 0
  diru64 $0=0, $3=31, $1=2025, $8=400
  diru64 $0=0, $2=1, $1=2025, $7=4
  diru64 $0=0, $1=2025, $1, $5=100
    cmpu $3=25, $3, $4=0
   cmpui $3=1, $3, 0
     not $3=1, $3
    cmpu $1=25, $1, $4=0
   cmpui $1=1, $1, 0
    andi $1=1, $1, 1
    cmpu $2=1, $2, $4=0
   cmpui $2=1, $2, 0
     not $2=1, $2
      or $1=1, $1, $3=0
     and $1=1, $2=0, $1
      st $1=0, $254=127639, 48, 1
      ld $1=0, $254=127639, 0, 8
  addi64 $2=0, $1=2025, -1
  muli64 $4=0, $1=2025, 365
  diru64 $1=2025, $0=0, $2=2024, $7=4
  diru64 $3=0, $0=0, $2=2024, $8=400
  diru64 $2=2024, $0=0, $2, $5=100
   add64 $1=506, $4=739125, $1
   sub64 $1=739631, $1, $2=20
   add64 $1=739611, $1, $3=5
  addi64 $1=739616, $1, -719527
      st $1=20089, $254=127639, 49, 8
      ld $2=20, $254=127639, 8, 8
    cmpu $5=100, $2=1, $14=3
   cmpui $5=-1, $5, -1
    andi $5=0, $5, 1
   mul64 $4=739125, $13=153, $2=1
    cmpu $1=20089, $2=1, $14=3
   cmpui $1=-1, $1, -1
     not $1=0, $1
  addi64 $2=1, $2, -1
    andi $1=1, $1, 255
   mul64 $3=5, $1=1, $2=0
    andi $2=0, $5=0, 255
  addi64 $1=1, $4=153, -162
   mul64 $1=-9, $2=0, $1
  muli64 $2=0, $3=0, 31
  diru64 $1=0, $0=0, $1, $12=5
   add64 $1=0, $2=0, $1
      st $1=0, $254=127639, 57, 8
      ld $3=0, $254=127639, 48, 1
      ld $1=0, $254=127639, 8, 8
    cmpu $2=0, $1=1, $10=2
   cmpui $2=-1, $2, 1
     not $2=1, $2
      ld $5=0, $254=127639, 49, 8
      ld $1=1, $254=127639, 16, 8
    andi $4=153, $3=0, 255
    andi $2=0, $2, 255
      ld $3=0, $254=127639, 57, 8
   add64 $1=31, $5=20089, $1
   mul64 $2=0, $4=0, $2
   add64 $1=20120, $1, $3=0
   add64 $1=20120, $1, $2=0
  addi64 $1=20120, $1, -1
      st $1=20119, $254=127639, 65, 8
      ld $3=0, $254=127639, 65, 8
      ld $1=20119, $254=127639, 24, 8
      ld $2=0, $254=127639, 32, 8
      ld $4=0, $254=127639, 40, 8
  muli64 $3=20119, $3, 86400
  muli64 $1=21, $1, 3600
  muli64 $2=53, $2, 60
   add64 $1=75600, $3=1738281600, $1
   add64 $1=1738357200, $1, $2=3180
   add64 $1=1738360380, $1, $4=26
  addi64 $254=127639, $254, 73
    jala $0=0, $31=127902, 0
      cp $2=3180, $1=1738360406
    li64 $1=1738360406, 1738360406
  addi64 $34=0, $254=127712, 0
    cmpu $1=1738360406, $2=1738360406, $1
   cmpui $1=0, $1, 0
    andi $1=0, $1, 1
      st $1=0, $254=127712, 0, 1
    li64 $33=0, 1970
    li64 $32=0, 0
      cp $1=0, $33=1970
      cp $2=1738360406, $39=1
      cp $3=1738281600, $39=1
      cp $4=26, $32=0
      cp $5=20089, $32=0
      cp $6=127688, $32=0
     jal $31=127902, $0=0, unix-timestamp.hb.unix_timestamp_secs
  addi64 $254=127712, $254, -73
  addi64 $21=127639, $254=127639, 0
      st $1=1970, $254=127639, 0, 8
  addi64 $20=127647, $254=127639, 8
      st $2=1, $254=127639, 8, 8
  addi64 $19=127655, $254=127639, 16
      st $3=1, $254=127639, 16, 8
  addi64 $18=127663, $254=127639, 24
      st $4=0, $254=127639, 24, 8
  addi64 $17=127671, $254=127639, 32
      st $5=0, $254=127639, 32, 8
  addi64 $16=127679, $254=127639, 40
      st $6=0, $254=127639, 40, 8
  addi64 $15=127696, $254=127639, 57
    li64 $14=3, 3
    li64 $13=153, 153
    li64 $12=5, 5
  addi64 $11=127704, $254=127639, 65
    li64 $10=2, 2
  addi64 $9=127687, $254=127639, 48
    li64 $8=400, 400
      ld $1=1970, $254=127639, 0, 8
    li64 $7=4, 4
    li64 $5=0, 100
  addi64 $6=0, $254=127639, 49
    li64 $4=0, 0
  diru64 $0=0, $3=1, $1=1970, $8=400
  diru64 $0=0, $2=1, $1=1970, $7=4
  diru64 $0=0, $1=1970, $1, $5=100
    cmpu $3=370, $3, $4=0
   cmpui $3=1, $3, 0
     not $3=1, $3
    cmpu $1=70, $1, $4=0
   cmpui $1=1, $1, 0
    andi $1=1, $1, 1
    cmpu $2=2, $2, $4=0
   cmpui $2=1, $2, 0
     not $2=1, $2
      or $1=1, $1, $3=0
     and $1=1, $2=0, $1
      st $1=0, $254=127639, 48, 1
      ld $1=0, $254=127639, 0, 8
  addi64 $2=0, $1=1970, -1
  muli64 $4=0, $1=1970, 365
  diru64 $1=1970, $0=0, $2=1969, $7=4
  diru64 $3=0, $0=0, $2=1969, $8=400
  diru64 $2=1969, $0=0, $2, $5=100
   add64 $1=492, $4=719050, $1
   sub64 $1=719542, $1, $2=19
   add64 $1=719523, $1, $3=4
  addi64 $1=719527, $1, -719527
      st $1=0, $254=127639, 49, 8
      ld $2=19, $254=127639, 8, 8
    cmpu $5=100, $2=1, $14=3
   cmpui $5=-1, $5, -1
    andi $5=0, $5, 1
   mul64 $4=719050, $13=153, $2=1
    cmpu $1=0, $2=1, $14=3
   cmpui $1=-1, $1, -1
     not $1=0, $1
  addi64 $2=1, $2, -1
    andi $1=1, $1, 255
   mul64 $3=4, $1=1, $2=0
    andi $2=0, $5=0, 255
  addi64 $1=1, $4=153, -162
   mul64 $1=-9, $2=0, $1
  muli64 $2=0, $3=0, 31
  diru64 $1=0, $0=0, $1, $12=5
   add64 $1=0, $2=0, $1
      st $1=0, $254=127639, 57, 8
      ld $3=0, $254=127639, 48, 1
      ld $1=0, $254=127639, 8, 8
    cmpu $2=0, $1=1, $10=2
   cmpui $2=-1, $2, 1
     not $2=1, $2
      ld $5=0, $254=127639, 49, 8
      ld $1=1, $254=127639, 16, 8
    andi $4=153, $3=0, 255
    andi $2=0, $2, 255
      ld $3=0, $254=127639, 57, 8
   add64 $1=1, $5=0, $1
   mul64 $2=0, $4=0, $2
   add64 $1=1, $1, $3=0
   add64 $1=1, $1, $2=0
  addi64 $1=1, $1, -1
      st $1=0, $254=127639, 65, 8
      ld $3=0, $254=127639, 65, 8
      ld $1=0, $254=127639, 24, 8
      ld $2=0, $254=127639, 32, 8
      ld $4=0, $254=127639, 40, 8
  muli64 $3=0, $3, 86400
  muli64 $1=0, $1, 3600
  muli64 $2=0, $2, 60
   add64 $1=0, $3=0, $1
   add64 $1=0, $1, $2=0
   add64 $1=0, $1, $4=0
  addi64 $254=127639, $254, 73
    jala $0=0, $31=128010, 0
      ld $2=0, $254=127712, 0, 1
    cmpu $1=0, $1, $32=0
   cmpui $1=0, $1, 0
    andi $1=0, $1, 1
      or $1=0, $2=0, $1
      st $1=0, $254=127712, 0, 1
    li64 $6=127688, 8
    li64 $1=0, 2038
    li64 $3=0, 19
    li64 $4=0, 3
    li64 $5=0, 14
      cp $2=0, $39=1
     jal $31=128010, $0=0, unix-timestamp.hb.unix_timestamp_secs
  addi64 $254=127712, $254, -73
  addi64 $21=127639, $254=127639, 0
      st $1=2038, $254=127639, 0, 8
  addi64 $20=127647, $254=127639, 8
      st $2=1, $254=127639, 8, 8
  addi64 $19=127655, $254=127639, 16
      st $3=19, $254=127639, 16, 8
  addi64 $18=127663, $254=127639, 24
      st $4=3, $254=127639, 24, 8
  addi64 $17=127671, $254=127639, 32
      st $5=14, $254=127639, 32, 8
  addi64 $16=127679, $254=127639, 40
      st $6=8, $254=127639, 40, 8
  addi64 $15=127696, $254=127639, 57
    li64 $14=3, 3
    li64 $13=153, 153
    li64 $12=5, 5
  addi64 $11=127704, $254=127639, 65
    li64 $10=2, 2
  addi64 $9=127687, $254=127639, 48
    li64 $8=400, 400
      ld $1=2038, $254=127639, 0, 8
    li64 $7=4, 4
    li64 $5=14, 100
  addi64 $6=8, $254=127639, 49
    li64 $4=3, 0
  diru64 $0=0, $3=19, $1=2038, $8=400
  diru64 $0=0, $2=1, $1=2038, $7=4
  diru64 $0=0, $1=2038, $1, $5=100
    cmpu $3=38, $3, $4=0
   cmpui $3=1, $3, 0
     not $3=1, $3
    cmpu $1=38, $1, $4=0
   cmpui $1=1, $1, 0
    andi $1=1, $1, 1
    cmpu $2=2, $2, $4=0
   cmpui $2=1, $2, 0
     not $2=1, $2
      or $1=1, $1, $3=0
     and $1=1, $2=0, $1
      st $1=0, $254=127639, 48, 1
      ld $1=0, $254=127639, 0, 8
  addi64 $2=0, $1=2038, -1
  muli64 $4=0, $1=2038, 365
  diru64 $1=2038, $0=0, $2=2037, $7=4
  diru64 $3=0, $0=0, $2=2037, $8=400
  diru64 $2=2037, $0=0, $2, $5=100
   add64 $1=509, $4=743870, $1
   sub64 $1=744379, $1, $2=20
   add64 $1=744359, $1, $3=5
  addi64 $1=744364, $1, -719527
      st $1=24837, $254=127639, 49, 8
      ld $2=20, $254=127639, 8, 8
    cmpu $5=100, $2=1, $14=3
   cmpui $5=-1, $5, -1
    andi $5=0, $5, 1
   mul64 $4=743870, $13=153, $2=1
    cmpu $1=24837, $2=1, $14=3
   cmpui $1=-1, $1, -1
     not $1=0, $1
  addi64 $2=1, $2, -1
    andi $1=1, $1, 255
   mul64 $3=5, $1=1, $2=0
    andi $2=0, $5=0, 255
  addi64 $1=1, $4=153, -162
   mul64 $1=-9, $2=0, $1
  muli64 $2=0, $3=0, 31
  diru64 $1=0, $0=0, $1, $12=5
   add64 $1=0, $2=0, $1
      st $1=0, $254=127639, 57, 8
      ld $3=0, $254=127639, 48, 1
      ld $1=0, $254=127639, 8, 8
    cmpu $2=0, $1=1, $10=2
   cmpui $2=-1, $2, 1
     not $2=1, $2
      ld $5=0, $254=127639, 49, 8
      ld $1=1, $254=127639, 16, 8
    andi $4=153, $3=0, 255
    andi $2=0, $2, 255
      ld $3=0, $254=127639, 57, 8
   add64 $1=19, $5=24837, $1
   mul64 $2=0, $4=0, $2
   add64 $1=24856, $1, $3=0
   add64 $1=24856, $1, $2=0
  addi64 $1=24856, $1, -1
      st $1=24855, $254=127639, 65, 8
      ld $3=0, $254=127639, 65, 8
      ld $1=24855, $254=127639, 24, 8
      ld $2=0, $254=127639, 32, 8
      ld $4=0, $254=127639, 40, 8
  muli64 $3=24855, $3, 86400
  muli64 $1=3, $1, 3600
  muli64 $2=14, $2, 60
   add64 $1=10800, $3=2147472000, $1
   add64 $1=2147482800, $1, $2=840
   add64 $1=2147483640, $1, $4=8
  addi64 $254=127639, $254, 73
    jala $0=0, $31=128126, 0
      cp $3=2147472000, $1=2147483648
    li64 $1=2147483648, 2147483648
      ld $2=840, $254=127712, 0, 1
    cmpu $1=2147483648, $3=2147483648, $1
   cmpui $1=0, $1, 0
    andi $1=0, $1, 1
      or $1=0, $2=768, $1
      st $1=768, $254=127712, 0, 1
    li64 $4=8, 23
    li64 $5=24837, 59
    li64 $2=768, 12
      cp $1=768, $33=1970
      cp $3=2147483648, $38=31
      cp $6=127688, $5=59
     jal $31=128126, $0=0, unix-timestamp.hb.unix_timestamp_secs
  addi64 $254=127712, $254, -73
  addi64 $21=127639, $254=127639, 0
      st $1=1970, $254=127639, 0, 8
  addi64 $20=127647, $254=127639, 8
      st $2=12, $254=127639, 8, 8
  addi64 $19=127655, $254=127639, 16
      st $3=31, $254=127639, 16, 8
  addi64 $18=127663, $254=127639, 24
      st $4=23, $254=127639, 24, 8
  addi64 $17=127671, $254=127639, 32
      st $5=59, $254=127639, 32, 8
  addi64 $16=127679, $254=127639, 40
      st $6=59, $254=127639, 40, 8
  addi64 $15=127696, $254=127639, 57
    li64 $14=3, 3
    li64 $13=153, 153
    li64 $12=5, 5
  addi64 $11=127704, $254=127639, 65
    li64 $10=2, 2
  addi64 $9=127687, $254=127639, 48
    li64 $8=400, 400
      ld $1=1970, $254=127639, 0, 8
    li64 $7=4, 4
    li64 $5=59, 100
  addi64 $6=59, $254=127639, 49
    li64 $4=23, 0
  diru64 $0=0, $3=31, $1=1970, $8=400
  diru64 $0=0, $2=12, $1=1970, $7=4
  diru64 $0=0, $1=1970, $1, $5=100
    cmpu $3=370, $3, $4=0
   cmpui $3=1, $3, 0
     not $3=1, $3
    cmpu $1=70, $1, $4=0
   cmpui $1=1, $1, 0
    andi $1=1, $1, 1
    cmpu $2=2, $2, $4=0
   cmpui $2=1, $2, 0
     not $2=1, $2
      or $1=1, $1, $3=0
     and $1=1, $2=0, $1
      st $1=0, $254=127639, 48, 1
      ld $1=0, $254=127639, 0, 8
  addi64 $2=0, $1=1970, -1
  muli64 $4=0, $1=1970, 365
  diru64 $1=1970, $0=0, $2=1969, $7=4
  diru64 $3=0, $0=0, $2=1969, $8=400
  diru64 $2=1969, $0=0, $2, $5=100
   add64 $1=492, $4=719050, $1
   sub64 $1=719542, $1, $2=19
   add64 $1=719523, $1, $3=4
  addi64 $1=719527, $1, -719527
      st $1=0, $254=127639, 49, 8
      ld $2=19, $254=127639, 8, 8
    cmpu $5=100, $2=12, $14=3
   cmpui $5=1, $5, -1
    andi $5=-1, $5, 1
   mul64 $4=719050, $13=153, $2=12
    cmpu $1=0, $2=12, $14=3
   cmpui $1=1, $1, -1
     not $1=-1, $1
  addi64 $2=12, $2, -1
    andi $1=0, $1, 255
   mul64 $3=4, $1=0, $2=11
    andi $2=11, $5=1, 255
  addi64 $1=0, $4=1836, -162
   mul64 $1=1674, $2=1, $1
  muli64 $2=1, $3=0, 31
  diru64 $1=1674, $0=0, $1, $12=5
   add64 $1=334, $2=0, $1
      st $1=334, $254=127639, 57, 8
      ld $3=0, $254=127639, 48, 1
      ld $1=334, $254=127639, 8, 8
    cmpu $2=0, $1=12, $10=2
   cmpui $2=1, $2, 1
     not $2=0, $2
      ld $5=1, $254=127639, 49, 8
      ld $1=12, $254=127639, 16, 8
    andi $4=1836, $3=0, 255
    andi $2=1, $2, 255
      ld $3=0, $254=127639, 57, 8
   add64 $1=31, $5=0, $1
   mul64 $2=1, $4=0, $2
   add64 $1=31, $1, $3=334
   add64 $1=365, $1, $2=0
  addi64 $1=365, $1, -1
      st $1=364, $254=127639, 65, 8
      ld $3=334, $254=127639, 65, 8
      ld $1=364, $254=127639, 24, 8
      ld $2=0, $254=127639, 32, 8
      ld $4=0, $254=127639, 40, 8
  muli64 $3=364, $3, 86400
  muli64 $1=23, $1, 3600
  muli64 $2=59, $2, 60
   add64 $1=82800, $3=31449600, $1
   add64 $1=31532400, $1, $2=3540
   add64 $1=31535940, $1, $4=59
  addi64 $254=127639, $254, 73
    jala $0=0, $31=128241, 0
      cp $3=31449600, $1=31535999
    li64 $1=31535999, 31535999
      ld $2=3540, $254=127712, 0, 1
    cmpu $1=31535999, $3=31535999, $1
   cmpui $1=0, $1, 0
    andi $1=0, $1, 1
      or $1=0, $2=3328, $1
      st $1=3328, $254=127712, 0, 1
      cp $1=3328, $40=2025
      cp $2=3328, $39=1
      cp $3=31535999, $38=31
      cp $4=59, $37=21
      cp $5=0, $36=53
      cp $6=127688, $35=26
     jal $31=128241, $0=0, unix-timestamp.hb.unix_timestamp_secs
  addi64 $254=127712, $254, -73
  addi64 $21=127639, $254=127639, 0
      st $1=2025, $254=127639, 0, 8
  addi64 $20=127647, $254=127639, 8
      st $2=1, $254=127639, 8, 8
  addi64 $19=127655, $254=127639, 16
      st $3=31, $254=127639, 16, 8
  addi64 $18=127663, $254=127639, 24
      st $4=21, $254=127639, 24, 8
  addi64 $17=127671, $254=127639, 32
      st $5=53, $254=127639, 32, 8
  addi64 $16=127679, $254=127639, 40
      st $6=26, $254=127639, 40, 8
  addi64 $15=127696, $254=127639, 57
    li64 $14=3, 3
    li64 $13=153, 153
    li64 $12=5, 5
  addi64 $11=127704, $254=127639, 65
    li64 $10=2, 2
  addi64 $9=127687, $254=127639, 48
    li64 $8=400, 400
      ld $1=2025, $254=127639, 0, 8
    li64 $7=4, 4
    li64 $5=53, 100
  addi64 $6=26, $254=127639, 49
    li64 $4=21, 0
  diru64 $0=0, $3=31, $1=2025, $8=400
  diru64 $0=0, $2=1, $1=2025, $7=4
  diru64 $0=0, $1=2025, $1, $5=100
    cmpu $3=25, $3, $4=0
   cmpui $3=1, $3, 0
     not $3=1, $3
    cmpu $1=25, $1, $4=0
   cmpui $1=1, $1, 0
    andi $1=1, $1, 1
    cmpu $2=1, $2, $4=0
   cmpui $2=1, $2, 0
     not $2=1, $2
      or $1=1, $1, $3=0
     and $1=1, $2=0, $1
      st $1=0, $254=127639, 48, 1
      ld $1=0, $254=127639, 0, 8
  addi64 $2=0, $1=2025, -1
  muli64 $4=0, $1=2025, 365
  diru64 $1=2025, $0=0, $2=2024, $7=4
  diru64 $3=0, $0=0, $2=2024, $8=400
  diru64 $2=2024, $0=0, $2, $5=100
   add64 $1=506, $4=739125, $1
   sub64 $1=739631, $1, $2=20
   add64 $1=739611, $1, $3=5
  addi64 $1=739616, $1, -719527
      st $1=20089, $254=127639, 49, 8
      ld $2=20, $254=127639, 8, 8
    cmpu $5=100, $2=1, $14=3
   cmpui $5=-1, $5, -1
    andi $5=0, $5, 1
   mul64 $4=739125, $13=153, $2=1
    cmpu $1=20089, $2=1, $14=3
   cmpui $1=-1, $1, -1
     not $1=0, $1
  addi64 $2=1, $2, -1
    andi $1=1, $1, 255
   mul64 $3=5, $1=1, $2=0
    andi $2=0, $5=0, 255
  addi64 $1=1, $4=153, -162
   mul64 $1=-9, $2=0, $1
  muli64 $2=0, $3=0, 31
  diru64 $1=0, $0=0, $1, $12=5
   add64 $1=0, $2=0, $1
      st $1=0, $254=127639, 57, 8
      ld $3=0, $254=127639, 48, 1
      ld $1=0, $254=127639, 8, 8
    cmpu $2=0, $1=1, $10=2
   cmpui $2=-1, $2, 1
     not $2=1, $2
      ld $5=0, $254=127639, 49, 8
      ld $1=1, $254=127639, 16, 8
    andi $4=153, $3=0, 255
    andi $2=0, $2, 255
      ld $3=0, $254=127639, 57, 8
   add64 $1=31, $5=20089, $1
   mul64 $2=0, $4=0, $2
   add64 $1=20120, $1, $3=0
   add64 $1=20120, $1, $2=0
  addi64 $1=20120, $1, -1
      st $1=20119, $254=127639, 65, 8
      ld $3=0, $254=127639, 65, 8
      ld $1=20119, $254=127639, 24, 8
      ld $2=0, $254=127639, 32, 8
      ld $4=0, $254=127639, 40, 8
  muli64 $3=20119, $3, 86400
  muli64 $1=21, $1, 3600
  muli64 $2=53, $2, 60
   add64 $1=75600, $3=1738281600, $1
   add64 $1=1738357200, $1, $2=3180
   add64 $1=1738360380, $1, $4=26
  addi64 $254=127639, $254, 73
    jala $0=0, $31=128335, 0
      cp $32=0, $1=1738360406
      cp $1=1738360406, $40=2025
      cp $2=3180, $39=1
      cp $3=1738281600, $38=31
      cp $4=26, $37=21
      cp $5=20089, $36=53
      cp $6=127688, $35=26
     jal $31=128335, $0=0, unix-timestamp.hb.unix_timestamp_secs
  addi64 $254=127712, $254, -73
  addi64 $21=127639, $254=127639, 0
      st $1=2025, $254=127639, 0, 8
  addi64 $20=127647, $254=127639, 8
      st $2=1, $254=127639, 8, 8
  addi64 $19=127655, $254=127639, 16
      st $3=31, $254=127639, 16, 8
  addi64 $18=127663, $254=127639, 24
      st $4=21, $254=127639, 24, 8
  addi64 $17=127671, $254=127639, 32
      st $5=53, $254=127639, 32, 8
  addi64 $16=127679, $254=127639, 40
      st $6=26, $254=127639, 40, 8
  addi64 $15=127696, $254=127639, 57
    li64 $14=3, 3
    li64 $13=153, 153
    li64 $12=5, 5
  addi64 $11=127704, $254=127639, 65
    li64 $10=2, 2
  addi64 $9=127687, $254=127639, 48
    li64 $8=400, 400
      ld $1=2025, $254=127639, 0, 8
    li64 $7=4, 4
    li64 $5=53, 100
  addi64 $6=26, $254=127639, 49
    li64 $4=21, 0
  diru64 $0=0, $3=31, $1=2025, $8=400
  diru64 $0=0, $2=1, $1=2025, $7=4
  diru64 $0=0, $1=2025, $1, $5=100
    cmpu $3=25, $3, $4=0
   cmpui $3=1, $3, 0
     not $3=1, $3
    cmpu $1=25, $1, $4=0
   cmpui $1=1, $1, 0
    andi $1=1, $1, 1
    cmpu $2=1, $2, $4=0
   cmpui $2=1, $2, 0
     not $2=1, $2
      or $1=1, $1, $3=0
     and $1=1, $2=0, $1
      st $1=0, $254=127639, 48, 1
      ld $1=0, $254=127639, 0, 8
  addi64 $2=0, $1=2025, -1
  muli64 $4=0, $1=2025, 365
  diru64 $1=2025, $0=0, $2=2024, $7=4
  diru64 $3=0, $0=0, $2=2024, $8=400
  diru64 $2=2024, $0=0, $2, $5=100
   add64 $1=506, $4=739125, $1
   sub64 $1=739631, $1, $2=20
   add64 $1=739611, $1, $3=5
  addi64 $1=739616, $1, -719527
      st $1=20089, $254=127639, 49, 8
      ld $2=20, $254=127639, 8, 8
    cmpu $5=100, $2=1, $14=3
   cmpui $5=-1, $5, -1
    andi $5=0, $5, 1
   mul64 $4=739125, $13=153, $2=1
    cmpu $1=20089, $2=1, $14=3
   cmpui $1=-1, $1, -1
     not $1=0, $1
  addi64 $2=1, $2, -1
    andi $1=1, $1, 255
   mul64 $3=5, $1=1, $2=0
    andi $2=0, $5=0, 255
  addi64 $1=1, $4=153, -162
   mul64 $1=-9, $2=0, $1
  muli64 $2=0, $3=0, 31
  diru64 $1=0, $0=0, $1, $12=5
   add64 $1=0, $2=0, $1
      st $1=0, $254=127639, 57, 8
      ld $3=0, $254=127639, 48, 1
      ld $1=0, $254=127639, 8, 8
    cmpu $2=0, $1=1, $10=2
   cmpui $2=-1, $2, 1
     not $2=1, $2
      ld $5=0, $254=127639, 49, 8
      ld $1=1, $254=127639, 16, 8
    andi $4=153, $3=0, 255
    andi $2=0, $2, 255
      ld $3=0, $254=127639, 57, 8
   add64 $1=31, $5=20089, $1
   mul64 $2=0, $4=0, $2
   add64 $1=20120, $1, $3=0
   add64 $1=20120, $1, $2=0
  addi64 $1=20120, $1, -1
      st $1=20119, $254=127639, 65, 8
      ld $3=0, $254=127639, 65, 8
      ld $1=20119, $254=127639, 24, 8
      ld $2=0, $254=127639, 32, 8
      ld $4=0, $254=127639, 40, 8
  muli64 $3=20119, $3, 86400
  muli64 $1=21, $1, 3600
  muli64 $2=53, $2, 60
   add64 $1=75600, $3=1738281600, $1
   add64 $1=1738357200, $1, $2=3180
   add64 $1=1738360380, $1, $4=26
  addi64 $254=127639, $254, 73
    jala $0=0, $31=128363, 0
      ld $2=3180, $254=127712, 0, 1
    cmpu $1=1738360406, $32=1738360406, $1
   cmpui $1=0, $1, 0
    andi $1=0, $1, 1
      or $1=0, $2=3072, $1
      st $1=3072, $254=127712, 0, 1
      cp $1=3072, $40=2025
      cp $2=3072, $39=1
      cp $3=1738281600, $38=31
      cp $4=26, $37=21
      cp $5=20089, $36=53
      cp $6=127688, $35=26
     jal $31=128363, $0=0, unix-timestamp.hb.unix_timestamp_secs_lookup_table
  addi64 $254=127712, $254, -65
  addi64 $18=127663, $254=127647, 0
      st $1=2025, $254=127647, 0, 8
  addi64 $17=127671, $254=127647, 8
      st $2=1, $254=127647, 8, 8
  addi64 $16=127679, $254=127647, 16
      st $3=31, $254=127647, 16, 8
  addi64 $15=127696, $254=127647, 24
      st $4=21, $254=127647, 24, 8
  addi64 $14=3, $254=127647, 32
      st $5=53, $254=127647, 32, 8
  addi64 $13=153, $254=127647, 40
      st $6=26, $254=127647, 40, 8
  addi64 $12=5, $254=127647, 57
     lra $11=127704, $0=0, unix-timestamp.hb.sum_days
    li64 $10=2, 2
  addi64 $9=127687, $254=127647, 48
    li64 $8=400, 400
      ld $1=2025, $254=127647, 0, 8
    li64 $7=4, 4
    li64 $5=53, 100
  addi64 $6=26, $254=127647, 49
    li64 $4=21, 0
  diru64 $0=0, $3=31, $1=2025, $8=400
  diru64 $0=0, $2=1, $1=2025, $7=4
  diru64 $0=0, $1=2025, $1, $5=100
    cmpu $3=25, $3, $4=0
   cmpui $3=1, $3, 0
     not $3=1, $3
    cmpu $1=25, $1, $4=0
   cmpui $1=1, $1, 0
    andi $1=1, $1, 1
    cmpu $2=1, $2, $4=0
   cmpui $2=1, $2, 0
     not $2=1, $2
      or $1=1, $1, $3=0
     and $1=1, $2=0, $1
      st $1=0, $254=127647, 48, 1
      ld $1=0, $254=127647, 0, 8
  addi64 $4=0, $1=2025, -1
  muli64 $2=0, $1=2025, 365
  diru64 $1=2025, $0=0, $4=2024, $7=4
  diru64 $3=0, $0=0, $4=2024, $5=100
   add64 $1=506, $2=739125, $1
  diru64 $2=739125, $0=0, $4=2024, $8=400
   sub64 $1=739631, $1, $3=20
   add64 $1=739611, $1, $2=5
  addi64 $1=739616, $1, -719527
      st $1=20089, $254=127647, 49, 8
      ld $2=5, $254=127647, 8, 8
      ld $4=2024, $254=127647, 48, 1
  addi64 $1=20089, $2=1, -1
    cmpu $2=1, $2, $10=2
   cmpui $2=-1, $2, 1
     not $2=1, $2
  muli64 $1=0, $1, 8
   add64 $3=20, $11=130305, $1=0
    andi $5=100, $4=1792, 255
    andi $4=1792, $2=0, 255
      ld $2=0, $254=127647, 49, 8
      ld $1=0, $254=127647, 16, 8
      ld $3=130305, $3, 0, 8
   add64 $1=31, $2=20089, $1
   mul64 $2=20089, $5=0, $4=0
   add64 $1=20120, $1, $3=0
   add64 $1=20120, $1, $2=0
  addi64 $1=20120, $1, -1
      st $1=20119, $254=127647, 57, 8
      ld $3=0, $254=127647, 57, 8
      ld $1=20119, $254=127647, 24, 8
      ld $2=0, $254=127647, 32, 8
      ld $4=0, $254=127647, 40, 8
  muli64 $3=20119, $3, 86400
  muli64 $1=21, $1, 3600
  muli64 $2=53, $2, 60
   add64 $1=75600, $3=1738281600, $1
   add64 $1=1738357200, $1, $2=3180
   add64 $1=1738360380, $1, $4=26
  addi64 $254=127647, $254, 65
    jala $0=0, $31=128444, 0
      cp $32=1738360406, $1=1738360406
      cp $1=1738360406, $40=2025
      cp $2=3180, $39=1
      cp $3=1738281600, $38=31
      cp $4=26, $37=21
      cp $5=0, $36=53
      cp $6=127696, $35=26
     jal $31=128444, $0=0, unix-timestamp.hb.unix_timestamp_secs
  addi64 $254=127712, $254, -73
  addi64 $21=127639, $254=127639, 0
      st $1=2025, $254=127639, 0, 8
  addi64 $20=127647, $254=127639, 8
      st $2=1, $254=127639, 8, 8
  addi64 $19=127655, $254=127639, 16
      st $3=31, $254=127639, 16, 8
  addi64 $18=127647, $254=127639, 24
      st $4=21, $254=127639, 24, 8
  addi64 $17=127655, $254=127639, 32
      st $5=53, $254=127639, 32, 8
  addi64 $16=127663, $254=127639, 40
      st $6=26, $254=127639, 40, 8
  addi64 $15=127671, $254=127639, 57
    li64 $14=127679, 3
    li64 $13=127687, 153
    li64 $12=127704, 5
  addi64 $11=130305, $254=127639, 65
    li64 $10=2, 2
  addi64 $9=127695, $254=127639, 48
    li64 $8=400, 400
      ld $1=2025, $254=127639, 0, 8
    li64 $7=4, 4
    li64 $5=53, 100
  addi64 $6=26, $254=127639, 49
    li64 $4=21, 0
  diru64 $0=0, $3=31, $1=2025, $8=400
  diru64 $0=0, $2=1, $1=2025, $7=4
  diru64 $0=0, $1=2025, $1, $5=100
    cmpu $3=25, $3, $4=0
   cmpui $3=1, $3, 0
     not $3=1, $3
    cmpu $1=25, $1, $4=0
   cmpui $1=1, $1, 0
    andi $1=1, $1, 1
    cmpu $2=1, $2, $4=0
   cmpui $2=1, $2, 0
     not $2=1, $2
      or $1=1, $1, $3=0
     and $1=1, $2=0, $1
      st $1=0, $254=127639, 48, 1
      ld $1=0, $254=127639, 0, 8
  addi64 $2=0, $1=2025, -1
  muli64 $4=0, $1=2025, 365
  diru64 $1=2025, $0=0, $2=2024, $7=4
  diru64 $3=0, $0=0, $2=2024, $8=400
  diru64 $2=2024, $0=0, $2, $5=100
   add64 $1=506, $4=739125, $1
   sub64 $1=739631, $1, $2=20
   add64 $1=739611, $1, $3=5
  addi64 $1=739616, $1, -719527
      st $1=20089, $254=127639, 49, 8
      ld $2=20, $254=127639, 8, 8
    cmpu $5=100, $2=1, $14=3
   cmpui $5=-1, $5, -1
    andi $5=0, $5, 1
   mul64 $4=739125, $13=153, $2=1
    cmpu $1=20089, $2=1, $14=3
   cmpui $1=-1, $1, -1
     not $1=0, $1
  addi64 $2=1, $2, -1
    andi $1=1, $1, 255
   mul64 $3=5, $1=1, $2=0
    andi $2=0, $5=0, 255
  addi64 $1=1, $4=153, -162
   mul64 $1=-9, $2=0, $1
  muli64 $2=0, $3=0, 31
  diru64 $1=0, $0=0, $1, $12=5
   add64 $1=0, $2=0, $1
      st $1=0, $254=127639, 57, 8
      ld $3=0, $254=127639, 48, 1
      ld $1=0, $254=127639, 8, 8
    cmpu $2=0, $1=1, $10=2
   cmpui $2=-1, $2, 1
     not $2=1, $2
      ld $5=0, $254=127639, 49, 8
      ld $1=1, $254=127639, 16, 8
    andi $4=153, $3=0, 255
    andi $2=0, $2, 255
      ld $3=0, $254=127639, 57, 8
   add64 $1=31, $5=20089, $1
   mul64 $2=0, $4=0, $2
   add64 $1=20120, $1, $3=0
   add64 $1=20120, $1, $2=0
  addi64 $1=20120, $1, -1
      st $1=20119, $254=127639, 65, 8
      ld $3=0, $254=127639, 65, 8
      ld $1=20119, $254=127639, 24, 8
      ld $2=0, $254=127639, 32, 8
      ld $4=0, $254=127639, 40, 8
  muli64 $3=20119, $3, 86400
  muli64 $1=21, $1, 3600
  muli64 $2=53, $2, 60
   add64 $1=75600, $3=1738281600, $1
   add64 $1=1738357200, $1, $2=3180
   add64 $1=1738360380, $1, $4=26
  addi64 $254=127639, $254, 73
    jala $0=0, $31=128472, 0
      ld $2=3180, $254=127712, 0, 1
    cmpu $1=1738360406, $32=1738360406, $1
   cmpui $1=0, $1, 0
    andi $1=0, $1, 1
      or $1=0, $2=3072, $1
      st $1=3072, $254=127712, 0, 1
      cp $1=3072, $40=2025
      cp $2=3072, $39=1
      cp $3=1738281600, $38=31
      cp $4=26, $37=21
      cp $5=20089, $36=53
      cp $6=127688, $35=26
     jal $31=128472, $0=0, unix-timestamp.hb.unix_timestamp_secs_lookup_table
  addi64 $254=127712, $254, -65
  addi64 $18=127663, $254=127647, 0
      st $1=2025, $254=127647, 0, 8
  addi64 $17=127671, $254=127647, 8
      st $2=1, $254=127647, 8, 8
  addi64 $16=127679, $254=127647, 16
      st $3=31, $254=127647, 16, 8
  addi64 $15=127696, $254=127647, 24
      st $4=21, $254=127647, 24, 8
  addi64 $14=3, $254=127647, 32
      st $5=53, $254=127647, 32, 8
  addi64 $13=153, $254=127647, 40
      st $6=26, $254=127647, 40, 8
  addi64 $12=5, $254=127647, 57
     lra $11=127704, $0=0, unix-timestamp.hb.sum_days
    li64 $10=2, 2
  addi64 $9=127687, $254=127647, 48
    li64 $8=400, 400
      ld $1=2025, $254=127647, 0, 8
    li64 $7=4, 4
    li64 $5=53, 100
  addi64 $6=26, $254=127647, 49
    li64 $4=21, 0
  diru64 $0=0, $3=31, $1=2025, $8=400
  diru64 $0=0, $2=1, $1=2025, $7=4
  diru64 $0=0, $1=2025, $1, $5=100
    cmpu $3=25, $3, $4=0
   cmpui $3=1, $3, 0
     not $3=1, $3
    cmpu $1=25, $1, $4=0
   cmpui $1=1, $1, 0
    andi $1=1, $1, 1
    cmpu $2=1, $2, $4=0
   cmpui $2=1, $2, 0
     not $2=1, $2
      or $1=1, $1, $3=0
     and $1=1, $2=0, $1
      st $1=0, $254=127647, 48, 1
      ld $1=0, $254=127647, 0, 8
  addi64 $4=0, $1=2025, -1
  muli64 $2=0, $1=2025, 365
  diru64 $1=2025, $0=0, $4=2024, $7=4
  diru64 $3=0, $0=0, $4=2024, $5=100
   add64 $1=506, $2=739125, $1
  diru64 $2=739125, $0=0, $4=2024, $8=400
   sub64 $1=739631, $1, $3=20
   add64 $1=739611, $1, $2=5
  addi64 $1=739616, $1, -719527
      st $1=20089, $254=127647, 49, 8
      ld $2=5, $254=127647, 8, 8
      ld $4=2024, $254=127647, 48, 1
  addi64 $1=20089, $2=1, -1
    cmpu $2=1, $2, $10=2
   cmpui $2=-1, $2, 1
     not $2=1, $2
  muli64 $1=0, $1, 8
   add64 $3=20, $11=130305, $1=0
    andi $5=100, $4=1792, 255
    andi $4=1792, $2=0, 255
      ld $2=0, $254=127647, 49, 8
      ld $1=0, $254=127647, 16, 8
      ld $3=130305, $3, 0, 8
   add64 $1=31, $2=20089, $1
   mul64 $2=20089, $5=0, $4=0
   add64 $1=20120, $1, $3=0
   add64 $1=20120, $1, $2=0
  addi64 $1=20120, $1, -1
      st $1=20119, $254=127647, 57, 8
      ld $3=0, $254=127647, 57, 8
      ld $1=20119, $254=127647, 24, 8
      ld $2=0, $254=127647, 32, 8
      ld $4=0, $254=127647, 40, 8
  muli64 $3=20119, $3, 86400
  muli64 $1=21, $1, 3600
  muli64 $2=53, $2, 60
   add64 $1=75600, $3=1738281600, $1
   add64 $1=1738357200, $1, $2=3180
   add64 $1=1738360380, $1, $4=26
  addi64 $254=127647, $254, 65
    jala $0=0, $31=128553, 0
      cp $32=1738360406, $1=1738360406
      cp $1=1738360406, $40=2025
      cp $2=3180, $39=1
      cp $3=1738281600, $38=31
      cp $4=26, $37=21
      cp $5=0, $36=53
      cp $6=127696, $35=26
     jal $31=128553, $0=0, unix-timestamp.hb.unix_timestamp_secs
  addi64 $254=127712, $254, -73
  addi64 $21=127639, $254=127639, 0
      st $1=2025, $254=127639, 0, 8
  addi64 $20=127647, $254=127639, 8
      st $2=1, $254=127639, 8, 8
  addi64 $19=127655, $254=127639, 16
      st $3=31, $254=127639, 16, 8
  addi64 $18=127647, $254=127639, 24
      st $4=21, $254=127639, 24, 8
  addi64 $17=127655, $254=127639, 32
      st $5=53, $254=127639, 32, 8
  addi64 $16=127663, $254=127639, 40
      st $6=26, $254=127639, 40, 8
  addi64 $15=127671, $254=127639, 57
    li64 $14=127679, 3
    li64 $13=127687, 153
    li64 $12=127704, 5
  addi64 $11=130305, $254=127639, 65
    li64 $10=2, 2
  addi64 $9=127695, $254=127639, 48
    li64 $8=400, 400
      ld $1=2025, $254=127639, 0, 8
    li64 $7=4, 4
    li64 $5=53, 100
  addi64 $6=26, $254=127639, 49
    li64 $4=21, 0
  diru64 $0=0, $3=31, $1=2025, $8=400
  diru64 $0=0, $2=1, $1=2025, $7=4
  diru64 $0=0, $1=2025, $1, $5=100
    cmpu $3=25, $3, $4=0
   cmpui $3=1, $3, 0
     not $3=1, $3
    cmpu $1=25, $1, $4=0
   cmpui $1=1, $1, 0
    andi $1=1, $1, 1
    cmpu $2=1, $2, $4=0
   cmpui $2=1, $2, 0
     not $2=1, $2
      or $1=1, $1, $3=0
     and $1=1, $2=0, $1
      st $1=0, $254=127639, 48, 1
      ld $1=0, $254=127639, 0, 8
  addi64 $2=0, $1=2025, -1
  muli64 $4=0, $1=2025, 365
  diru64 $1=2025, $0=0, $2=2024, $7=4
  diru64 $3=0, $0=0, $2=2024, $8=400
  diru64 $2=2024, $0=0, $2, $5=100
   add64 $1=506, $4=739125, $1
   sub64 $1=739631, $1, $2=20
   add64 $1=739611, $1, $3=5
  addi64 $1=739616, $1, -719527
      st $1=20089, $254=127639, 49, 8
      ld $2=20, $254=127639, 8, 8
    cmpu $5=100, $2=1, $14=3
   cmpui $5=-1, $5, -1
    andi $5=0, $5, 1
   mul64 $4=739125, $13=153, $2=1
    cmpu $1=20089, $2=1, $14=3
   cmpui $1=-1, $1, -1
     not $1=0, $1
  addi64 $2=1, $2, -1
    andi $1=1, $1, 255
   mul64 $3=5, $1=1, $2=0
    andi $2=0, $5=0, 255
  addi64 $1=1, $4=153, -162
   mul64 $1=-9, $2=0, $1
  muli64 $2=0, $3=0, 31
  diru64 $1=0, $0=0, $1, $12=5
   add64 $1=0, $2=0, $1
      st $1=0, $254=127639, 57, 8
      ld $3=0, $254=127639, 48, 1
      ld $1=0, $254=127639, 8, 8
    cmpu $2=0, $1=1, $10=2
   cmpui $2=-1, $2, 1
     not $2=1, $2
      ld $5=0, $254=127639, 49, 8
      ld $1=1, $254=127639, 16, 8
    andi $4=153, $3=0, 255
    andi $2=0, $2, 255
      ld $3=0, $254=127639, 57, 8
   add64 $1=31, $5=20089, $1
   mul64 $2=0, $4=0, $2
   add64 $1=20120, $1, $3=0
   add64 $1=20120, $1, $2=0
  addi64 $1=20120, $1, -1
      st $1=20119, $254=127639, 65, 8
      ld $3=0, $254=127639, 65, 8
      ld $1=20119, $254=127639, 24, 8
      ld $2=0, $254=127639, 32, 8
      ld $4=0, $254=127639, 40, 8
  muli64 $3=20119, $3, 86400
  muli64 $1=21, $1, 3600
  muli64 $2=53, $2, 60
   add64 $1=75600, $3=1738281600, $1
   add64 $1=1738357200, $1, $2=3180
   add64 $1=1738360380, $1, $4=26
  addi64 $254=127639, $254, 73
    jala $0=0, $31=128581, 0
      ld $2=3180, $254=127712, 0, 1
    cmpu $1=1738360406, $32=1738360406, $1
   cmpui $1=0, $1, 0
    andi $1=0, $1, 1
      or $1=0, $2=3072, $1
      st $1=3072, $254=127712, 0, 1
      ld $1=3072, $254=127712, 0, 1
  addi64 $254=127712, $254, 81
      ld $31=128581, $254=127793, -80, 80
      tx
expected 0, found 3072
thread 3034165 panic: attempt to unwrap error: TestExpectedEqual
/home/mlokis/zig/14.1/lib/std/testing.zig:103:17: 0x1130756 in expectEqualInner__anon_21857 (std.zig)
                return error.TestExpectedEqual;
                ^
/home/mlokis/personal/zig/hblang/src/test_util.zig:66:9: 0x11308f0 in assert (root.zig)
        try std.testing.expectEqual(expectations.return_value, ret);
        ^
/home/mlokis/zig/14.1/lib/std/testing.zig:103:17: 0x1130756 in expectEqualInner__anon_21857 (std.zig)
                return error.TestExpectedEqual;
                ^
/home/mlokis/personal/zig/hblang/src/test_util.zig:66:9: 0x11308f0 in assert (root.zig)
        try std.testing.expectEqual(expectations.return_value, ret);
        ^
Unwind error at address `exe:0x121f4dd` (error.AddressOutOfRange), trace may be incomplete

/home/mlokis/personal/zig/hblang/src/root.zig:345:23: 0x1133ec5 in compile (root.zig)
            })) catch unreachable;
                      ^
/home/mlokis/personal/zig/hblang/src/test_util.zig:71:31: 0x11282a9 in runVendoredTest (root.zig)
    var ast = try root.compile(.{
                              ^
/home/mlokis/personal/zig/hblang/src/tests.zig:211:34: 0x1128606 in runVendoredTest (tests.zig)
    try test_util.runVendoredTest(path, "hbvm-ableos-no-opts", .none);
                                 ^
/home/mlokis/personal/zig/hblang/.zig-cache/o/c93b32a798b83400f3e8928ed62dfd71/vendored_tests.zig:64:30: 0x1128980 in test./lily//lang/unix-timestamp.hb (vendored_tests.zig)
    try utils.runVendoredTest("/home/mlokis/personal/zig/hblang/vendored-tests/lily/hbc-tests/lang/unix-timestamp.hb");
                             ^
/home/mlokis/zig/14.1/lib/compiler/test_runner.zig:126:29: 0x17853df in mainServer (test_runner.zig)
                test_fn.func() catch |err| switch (err) {
                            ^
/home/mlokis/zig/14.1/lib/compiler/test_runner.zig:60:26: 0x178658e in main (test_runner.zig)
        return mainServer() catch @panic("internal test runner failure");
                         ^
/home/mlokis/zig/14.1/lib/std/start.zig:651:22: 0x177f979 in posixCallMainAndExit (std.zig)
            root.main();
                     ^
/home/mlokis/zig/14.1/lib/std/start.zig:271:5: 0x177f25c in _start (std.zig)
    asm volatile (switch (native_arch) {
    ^
error: while executing test 'vendored_tests.test./lily//lang/unix-timestamp.hb', the following command terminated with signal 6 (expected exited with code 0):
/home/mlokis/personal/zig/hblang/.zig-cache/o/29e049e06ca151c12c475912a25e4d1c/vendored_tests --seed=0x56f9cf94 --cache-dir=/home/mlokis/personal/zig/hblang/.zig-cache --listen=- 
Build Summary: 8/10 steps succeeded; 1 failed; 1/1 tests passed
test transitive failure
+- run vendored_tests failure
error: the following build command failed with exit code 1:
/home/mlokis/personal/zig/hblang/.zig-cache/o/8787df4e0a8071cd12506b4a93f05c74/build /home/mlokis/zig/14.1/zig /home/mlokis/zig/14.1/lib /home/mlokis/personal/zig/hblang /home/mlokis/personal/zig/hblang/.zig-cache /home/mlokis/.cache/zig --seed 0x56f9cf94 -Z49e478961b5cddfb test -Dtf=unix
