test
+- run vendored_tests failure
expected 0, found 1
main:
         st $31, $254, -136, 136
     addi64 $254, $254, -136
       li64 $47, 2025
       li64 $46, 1
       li64 $45, 31
       li64 $44, 21
       li64 $43, 53
       li64 $42, 26
         cp $1, $47
         cp $2, $46
         cp $3, $45
         cp $4, $44
         cp $5, $43
         cp $6, $42
        jal $31, $0, :unix-timestamp.hb.unix_timestamp_secs
         cp $41, $1
       li64 $32, 1970
       li64 $40, 0
         cp $1, $32
         cp $2, $46
         cp $3, $46
         cp $4, $40
         cp $5, $40
         cp $6, $40
        jal $31, $0, :unix-timestamp.hb.unix_timestamp_secs
         cp $39, $1
       li64 $5, 14
       li64 $6, 8
       li64 $1, 2038
       li64 $3, 19
       li64 $4, 3
         cp $2, $46
        jal $31, $0, :unix-timestamp.hb.unix_timestamp_secs
         cp $38, $1
       li64 $4, 23
       li64 $5, 59
       li64 $2, 12
         cp $1, $32
         cp $3, $45
         cp $6, $5
        jal $31, $0, :unix-timestamp.hb.unix_timestamp_secs
         cp $37, $1
         cp $1, $47
         cp $2, $46
         cp $3, $45
         cp $4, $44
         cp $5, $43
         cp $6, $42
        jal $31, $0, :unix-timestamp.hb.unix_timestamp_secs
         cp $36, $1
         cp $1, $47
         cp $2, $46
         cp $3, $45
         cp $4, $44
         cp $5, $43
         cp $6, $42
        jal $31, $0, :unix-timestamp.hb.unix_timestamp_secs
         cp $35, $1
         cp $1, $47
         cp $2, $46
         cp $3, $45
         cp $4, $44
         cp $5, $43
         cp $6, $42
        jal $31, $0, :unix-timestamp.hb.unix_timestamp_secs_lookup_table
         cp $34, $1
         cp $1, $47
         cp $2, $46
         cp $3, $45
         cp $4, $44
         cp $5, $43
         cp $6, $42
        jal $31, $0, :unix-timestamp.hb.unix_timestamp_secs
         cp $33, $1
         cp $1, $47
         cp $2, $46
         cp $3, $45
         cp $4, $44
         cp $5, $43
         cp $6, $42
        jal $31, $0, :unix-timestamp.hb.unix_timestamp_secs_lookup_table
         cp $32, $1
         cp $1, $47
         cp $2, $46
         cp $3, $45
         cp $4, $44
         cp $5, $43
         cp $6, $42
        jal $31, $0, :unix-timestamp.hb.unix_timestamp_secs
         cp $4, $1
       li64 $1, 1738360406
       li64 $3, 31535999
       li64 $2, 2147483648
       cmpu $7, $39, $40
      cmpui $7, $7, 0
       andi $7, $7, 1
       cmpu $1, $41, $1
      cmpui $1, $1, 0
       andi $1, $1, 1
       cmpu $6, $34, $33
      cmpui $6, $6, 0
       andi $6, $6, 1
       cmpu $5, $32, $4
      cmpui $5, $5, 0
       andi $5, $5, 1
       cmpu $4, $36, $35
      cmpui $4, $4, 0
       andi $4, $4, 1
       cmpu $3, $37, $3
      cmpui $3, $3, 0
       andi $3, $3, 1
       cmpu $2, $38, $2
      cmpui $2, $2, 0
       andi $2, $2, 1
         or $1, $1, $7
         or $1, $1, $2
         or $1, $1, $3
         or $1, $1, $4
         or $1, $1, $6
         or $1, $1, $5
        ori $1, $1, 1
     addi64 $254, $254, 136
         ld $31, $254, -136, 136
         tx
unix-timestamp.hb.unix_timestamp_secs:
         cp $19, $6
         cp $9, $1
         cp $8, $2
         cp $20, $3
         cp $6, $4
       li64 $1, 3
       li64 $4, 153
       li64 $3, 2
       li64 $18, 100
       li64 $17, 400
       li64 $2, 4
     addi64 $16, $9, -1
       cmpu $15, $8, $1
      cmpui $15, $15, -1
       andi $15, $15, 1
       cmpu $1, $8, $1
      cmpui $1, $1, -1
        not $1, $1
      mul64 $4, $4, $8
       cmpu $7, $8, $3
      cmpui $7, $7, 1
        not $7, $7
     muli64 $14, $6, 3600
     muli64 $13, $5, 60
       li64 $12, 0
     diru64 $0, $3, $9, $18
     diru64 $0, $11, $9, $17
     diru64 $0, $6, $9, $2
     muli64 $10, $9, 365
     diru64 $9, $0, $16, $2
     addi64 $2, $8, -1
       andi $1, $1, 255
      mul64 $8, $1, $2
       li64 $5, 5
       andi $2, $15, 255
     addi64 $1, $4, -162
      mul64 $4, $2, $1
       andi $7, $7, 255
       cmpu $3, $3, $12
      cmpui $3, $3, 0
       andi $3, $3, 1
       cmpu $1, $11, $12
      cmpui $1, $1, 0
        not $1, $1
       cmpu $2, $6, $12
      cmpui $2, $2, 0
        not $2, $2
         or $1, $3, $1
        and $1, $2, $1
       andi $6, $1, 255
     diru64 $3, $0, $16, $18
      add64 $1, $10, $9
     diru64 $5, $0, $4, $5
     muli64 $4, $8, 31
     diru64 $2, $0, $16, $17
      sub64 $1, $1, $3
      add64 $1, $1, $2
     addi64 $1, $1, -719527
      mul64 $3, $6, $7
      add64 $2, $4, $5
      add64 $1, $1, $20
      add64 $1, $1, $2
      add64 $1, $1, $3
     addi64 $1, $1, -1
     muli64 $1, $1, 86400
      add64 $1, $1, $14
      add64 $1, $1, $13
      add64 $1, $1, $19
       jala $0, $31, 0
unix-timestamp.hb.unix_timestamp_secs_lookup_table:
         cp $8, $4
         cp $4, $5
         cp $18, $1
         cp $5, $2
         cp $17, $3
         cp $16, $6
       li64 $3, 4
       li64 $2, 2
       li64 $7, 100
       li64 $15, 400
     addi64 $14, $18, -1
     addi64 $1, $5, -1
       cmpu $13, $5, $2
      cmpui $13, $13, 1
        not $13, $13
     muli64 $6, $18, 365
     diru64 $5, $0, $14, $3
     muli64 $12, $8, 3600
     muli64 $11, $4, 60
     diru64 $0, $3, $18, $3
       li64 $10, 0
     diru64 $0, $9, $18, $7
     diru64 $0, $4, $18, $15
        lra $2, $0, :unix-timestamp.hb.sum_days
     muli64 $1, $1, 8
      add64 $8, $2, $1
     diru64 $7, $0, $14, $7
      add64 $6, $6, $5
       andi $5, $13, 255
       cmpu $3, $3, $10
      cmpui $3, $3, 0
        not $3, $3
       cmpu $2, $9, $10
      cmpui $2, $2, 0
       andi $2, $2, 1
       cmpu $1, $4, $10
      cmpui $1, $1, 0
        not $1, $1
         or $1, $2, $1
        and $1, $3, $1
       andi $4, $1, 255
     diru64 $2, $0, $14, $15
      sub64 $1, $6, $7
      add64 $1, $1, $2
     addi64 $1, $1, -719527
         ld $3, $8, 0, 8
      add64 $1, $1, $17
      mul64 $2, $4, $5
      add64 $1, $1, $3
      add64 $1, $1, $2
     addi64 $1, $1, -1
     muli64 $1, $1, 86400
      add64 $1, $1, $12
      add64 $1, $1, $11
      add64 $1, $1, $16
       jala $0, $31, 0
      st $31=0, $254=129033, -136, 136
  addi64 $254=129033, $254, -136
    li64 $47=0, 2025
    li64 $46=0, 1
    li64 $45=0, 31
    li64 $44=0, 21
    li64 $43=0, 53
    li64 $42=0, 26
      cp $1=0, $47=2025
      cp $2=0, $46=1
      cp $3=0, $45=31
      cp $4=0, $44=21
      cp $5=0, $43=53
      cp $6=0, $42=26
     jal $31=0, $0=0, unix-timestamp.hb.unix_timestamp_secs
      cp $19=0, $6=26
      cp $9=0, $1=2025
      cp $8=0, $2=1
      cp $20=0, $3=31
      cp $6=26, $4=21
    li64 $1=2025, 3
    li64 $4=21, 153
    li64 $3=31, 2
    li64 $18=0, 100
    li64 $17=0, 400
    li64 $2=1, 4
  addi64 $16=0, $9=2025, -1
    cmpu $15=0, $8=1, $1=3
   cmpui $15=-1, $15, -1
    andi $15=0, $15, 1
    cmpu $1=3, $8=1, $1
   cmpui $1=-1, $1, -1
     not $1=0, $1
   mul64 $4=153, $4, $8=1
    cmpu $7=0, $8=1, $3=2
   cmpui $7=-1, $7, 1
     not $7=1, $7
  muli64 $14=0, $6=21, 3600
  muli64 $13=0, $5=53, 60
    li64 $12=0, 0
  diru64 $0=0, $3=2, $9=2025, $18=100
  diru64 $0=0, $11=0, $9=2025, $17=400
  diru64 $0=0, $6=21, $9=2025, $2=4
  muli64 $10=0, $9=2025, 365
  diru64 $9=2025, $0=0, $16=2024, $2=4
  addi64 $2=4, $8=1, -1
    andi $1=1, $1, 255
   mul64 $8=1, $1=1, $2=0
    li64 $5=53, 5
    andi $2=0, $15=0, 255
  addi64 $1=1, $4=153, -162
   mul64 $4=153, $2=0, $1=-9
    andi $7=0, $7, 255
    cmpu $3=25, $3, $12=0
   cmpui $3=1, $3, 0
    andi $3=1, $3, 1
    cmpu $1=-9, $11=25, $12=0
   cmpui $1=1, $1, 0
     not $1=1, $1
    cmpu $2=0, $6=1, $12=0
   cmpui $2=1, $2, 0
     not $2=1, $2
      or $1=0, $3=1, $1
     and $1=1, $2=0, $1
    andi $6=1, $1=0, 255
  diru64 $3=1, $0=0, $16=2024, $18=100
   add64 $1=0, $10=739125, $9=506
  diru64 $5=5, $0=0, $4=0, $5
  muli64 $4=0, $8=0, 31
  diru64 $2=0, $0=0, $16=2024, $17=400
   sub64 $1=739631, $1, $3=20
   add64 $1=739611, $1, $2=5
  addi64 $1=739616, $1, -719527
   mul64 $3=20, $6=0, $7=0
   add64 $2=5, $4=0, $5=0
   add64 $1=20089, $1, $20=31
   add64 $1=20120, $1, $2=0
   add64 $1=20120, $1, $3=0
  addi64 $1=20120, $1, -1
  muli64 $1=20119, $1, 86400
   add64 $1=1738281600, $1, $14=75600
   add64 $1=1738357200, $1, $13=3180
   add64 $1=1738360380, $1, $19=26
    jala $0=0, $31=129142, 0
      cp $41=0, $1=1738360406
    li64 $32=0, 1970
    li64 $40=0, 0
      cp $1=1738360406, $32=1970
      cp $2=0, $46=1
      cp $3=0, $46=1
      cp $4=0, $40=0
      cp $5=0, $40=0
      cp $6=0, $40=0
     jal $31=129142, $0=0, unix-timestamp.hb.unix_timestamp_secs
      cp $19=26, $6=0
      cp $9=506, $1=1970
      cp $8=0, $2=1
      cp $20=31, $3=1
      cp $6=0, $4=0
    li64 $1=1970, 3
    li64 $4=0, 153
    li64 $3=1, 2
    li64 $18=100, 100
    li64 $17=400, 400
    li64 $2=1, 4
  addi64 $16=2024, $9=1970, -1
    cmpu $15=0, $8=1, $1=3
   cmpui $15=-1, $15, -1
    andi $15=0, $15, 1
    cmpu $1=3, $8=1, $1
   cmpui $1=-1, $1, -1
     not $1=0, $1
   mul64 $4=153, $4, $8=1
    cmpu $7=0, $8=1, $3=2
   cmpui $7=-1, $7, 1
     not $7=1, $7
  muli64 $14=75600, $6=0, 3600
  muli64 $13=3180, $5=0, 60
    li64 $12=0, 0
  diru64 $0=0, $3=2, $9=1970, $18=100
  diru64 $0=0, $11=25, $9=1970, $17=400
  diru64 $0=0, $6=0, $9=1970, $2=4
  muli64 $10=739125, $9=1970, 365
  diru64 $9=1970, $0=0, $16=1969, $2=4
  addi64 $2=4, $8=1, -1
    andi $1=1, $1, 255
   mul64 $8=1, $1=1, $2=0
    li64 $5=0, 5
    andi $2=0, $15=0, 255
  addi64 $1=1, $4=153, -162
   mul64 $4=153, $2=0, $1=-9
    andi $7=0, $7, 255
    cmpu $3=70, $3, $12=0
   cmpui $3=1, $3, 0
    andi $3=1, $3, 1
    cmpu $1=-9, $11=370, $12=0
   cmpui $1=1, $1, 0
     not $1=1, $1
    cmpu $2=0, $6=2, $12=0
   cmpui $2=1, $2, 0
     not $2=1, $2
      or $1=0, $3=1, $1
     and $1=1, $2=0, $1
    andi $6=2, $1=0, 255
  diru64 $3=1, $0=0, $16=1969, $18=100
   add64 $1=0, $10=719050, $9=492
  diru64 $5=5, $0=0, $4=0, $5
  muli64 $4=0, $8=0, 31
  diru64 $2=0, $0=0, $16=1969, $17=400
   sub64 $1=719542, $1, $3=19
   add64 $1=719523, $1, $2=4
  addi64 $1=719527, $1, -719527
   mul64 $3=19, $6=0, $7=0
   add64 $2=4, $4=0, $5=0
   add64 $1=0, $1, $20=1
   add64 $1=1, $1, $2=0
   add64 $1=1, $1, $3=0
  addi64 $1=1, $1, -1
  muli64 $1=0, $1, 86400
   add64 $1=0, $1, $14=0
   add64 $1=0, $1, $13=0
   add64 $1=0, $1, $19=0
    jala $0=0, $31=129190, 0
      cp $39=0, $1=0
    li64 $5=0, 14
    li64 $6=0, 8
    li64 $1=0, 2038
    li64 $3=0, 19
    li64 $4=0, 3
      cp $2=0, $46=1
     jal $31=129190, $0=0, unix-timestamp.hb.unix_timestamp_secs
      cp $19=0, $6=8
      cp $9=492, $1=2038
      cp $8=0, $2=1
      cp $20=1, $3=19
      cp $6=8, $4=3
    li64 $1=2038, 3
    li64 $4=3, 153
    li64 $3=19, 2
    li64 $18=100, 100
    li64 $17=400, 400
    li64 $2=1, 4
  addi64 $16=1969, $9=2038, -1
    cmpu $15=0, $8=1, $1=3
   cmpui $15=-1, $15, -1
    andi $15=0, $15, 1
    cmpu $1=3, $8=1, $1
   cmpui $1=-1, $1, -1
     not $1=0, $1
   mul64 $4=153, $4, $8=1
    cmpu $7=0, $8=1, $3=2
   cmpui $7=-1, $7, 1
     not $7=1, $7
  muli64 $14=0, $6=3, 3600
  muli64 $13=0, $5=14, 60
    li64 $12=0, 0
  diru64 $0=0, $3=2, $9=2038, $18=100
  diru64 $0=0, $11=370, $9=2038, $17=400
  diru64 $0=0, $6=3, $9=2038, $2=4
  muli64 $10=719050, $9=2038, 365
  diru64 $9=2038, $0=0, $16=2037, $2=4
  addi64 $2=4, $8=1, -1
    andi $1=1, $1, 255
   mul64 $8=1, $1=1, $2=0
    li64 $5=14, 5
    andi $2=0, $15=0, 255
  addi64 $1=1, $4=153, -162
   mul64 $4=153, $2=0, $1=-9
    andi $7=0, $7, 255
    cmpu $3=38, $3, $12=0
   cmpui $3=1, $3, 0
    andi $3=1, $3, 1
    cmpu $1=-9, $11=38, $12=0
   cmpui $1=1, $1, 0
     not $1=1, $1
    cmpu $2=0, $6=2, $12=0
   cmpui $2=1, $2, 0
     not $2=1, $2
      or $1=0, $3=1, $1
     and $1=1, $2=0, $1
    andi $6=2, $1=0, 255
  diru64 $3=1, $0=0, $16=2037, $18=100
   add64 $1=0, $10=743870, $9=509
  diru64 $5=5, $0=0, $4=0, $5
  muli64 $4=0, $8=0, 31
  diru64 $2=0, $0=0, $16=2037, $17=400
   sub64 $1=744379, $1, $3=20
   add64 $1=744359, $1, $2=5
  addi64 $1=744364, $1, -719527
   mul64 $3=20, $6=0, $7=0
   add64 $2=5, $4=0, $5=0
   add64 $1=24837, $1, $20=19
   add64 $1=24856, $1, $2=0
   add64 $1=24856, $1, $3=0
  addi64 $1=24856, $1, -1
  muli64 $1=24855, $1, 86400
   add64 $1=2147472000, $1, $14=10800
   add64 $1=2147482800, $1, $13=840
   add64 $1=2147483640, $1, $19=8
    jala $0=0, $31=129253, 0
      cp $38=0, $1=2147483648
    li64 $4=0, 23
    li64 $5=0, 59
    li64 $2=0, 12
      cp $1=2147483648, $32=1970
      cp $3=0, $45=31
      cp $6=0, $5=59
     jal $31=129253, $0=0, unix-timestamp.hb.unix_timestamp_secs
      cp $19=8, $6=59
      cp $9=509, $1=1970
      cp $8=0, $2=12
      cp $20=19, $3=31
      cp $6=59, $4=23
    li64 $1=1970, 3
    li64 $4=23, 153
    li64 $3=31, 2
    li64 $18=100, 100
    li64 $17=400, 400
    li64 $2=12, 4
  addi64 $16=2037, $9=1970, -1
    cmpu $15=0, $8=12, $1=3
   cmpui $15=1, $15, -1
    andi $15=-1, $15, 1
    cmpu $1=3, $8=12, $1
   cmpui $1=1, $1, -1
     not $1=-1, $1
   mul64 $4=153, $4, $8=12
    cmpu $7=0, $8=12, $3=2
   cmpui $7=1, $7, 1
     not $7=0, $7
  muli64 $14=10800, $6=23, 3600
  muli64 $13=840, $5=59, 60
    li64 $12=0, 0
  diru64 $0=0, $3=2, $9=1970, $18=100
  diru64 $0=0, $11=38, $9=1970, $17=400
  diru64 $0=0, $6=23, $9=1970, $2=4
  muli64 $10=743870, $9=1970, 365
  diru64 $9=1970, $0=0, $16=1969, $2=4
  addi64 $2=4, $8=12, -1
    andi $1=0, $1, 255
   mul64 $8=12, $1=0, $2=11
    li64 $5=59, 5
    andi $2=11, $15=1, 255
  addi64 $1=0, $4=1836, -162
   mul64 $4=1836, $2=1, $1=1674
    andi $7=1, $7, 255
    cmpu $3=70, $3, $12=0
   cmpui $3=1, $3, 0
    andi $3=1, $3, 1
    cmpu $1=1674, $11=370, $12=0
   cmpui $1=1, $1, 0
     not $1=1, $1
    cmpu $2=1, $6=2, $12=0
   cmpui $2=1, $2, 0
     not $2=1, $2
      or $1=0, $3=1, $1
     and $1=1, $2=0, $1
    andi $6=2, $1=0, 255
  diru64 $3=1, $0=0, $16=1969, $18=100
   add64 $1=0, $10=719050, $9=492
  diru64 $5=5, $0=0, $4=1674, $5
  muli64 $4=1674, $8=0, 31
  diru64 $2=0, $0=0, $16=1969, $17=400
   sub64 $1=719542, $1, $3=19
   add64 $1=719523, $1, $2=4
  addi64 $1=719527, $1, -719527
   mul64 $3=19, $6=0, $7=1
   add64 $2=4, $4=0, $5=334
   add64 $1=0, $1, $20=31
   add64 $1=31, $1, $2=334
   add64 $1=365, $1, $3=0
  addi64 $1=365, $1, -1
  muli64 $1=364, $1, 86400
   add64 $1=31449600, $1, $14=82800
   add64 $1=31532400, $1, $13=3540
   add64 $1=31535940, $1, $19=59
    jala $0=0, $31=129302, 0
      cp $37=0, $1=31535999
      cp $1=31535999, $47=2025
      cp $2=334, $46=1
      cp $3=0, $45=31
      cp $4=0, $44=21
      cp $5=334, $43=53
      cp $6=0, $42=26
     jal $31=129302, $0=0, unix-timestamp.hb.unix_timestamp_secs
      cp $19=59, $6=26
      cp $9=492, $1=2025
      cp $8=0, $2=1
      cp $20=31, $3=31
      cp $6=26, $4=21
    li64 $1=2025, 3
    li64 $4=21, 153
    li64 $3=31, 2
    li64 $18=100, 100
    li64 $17=400, 400
    li64 $2=1, 4
  addi64 $16=1969, $9=2025, -1
    cmpu $15=1, $8=1, $1=3
   cmpui $15=-1, $15, -1
    andi $15=0, $15, 1
    cmpu $1=3, $8=1, $1
   cmpui $1=-1, $1, -1
     not $1=0, $1
   mul64 $4=153, $4, $8=1
    cmpu $7=1, $8=1, $3=2
   cmpui $7=-1, $7, 1
     not $7=1, $7
  muli64 $14=82800, $6=21, 3600
  muli64 $13=3540, $5=53, 60
    li64 $12=0, 0
  diru64 $0=0, $3=2, $9=2025, $18=100
  diru64 $0=0, $11=370, $9=2025, $17=400
  diru64 $0=0, $6=21, $9=2025, $2=4
  muli64 $10=719050, $9=2025, 365
  diru64 $9=2025, $0=0, $16=2024, $2=4
  addi64 $2=4, $8=1, -1
    andi $1=1, $1, 255
   mul64 $8=1, $1=1, $2=0
    li64 $5=53, 5
    andi $2=0, $15=0, 255
  addi64 $1=1, $4=153, -162
   mul64 $4=153, $2=0, $1=-9
    andi $7=0, $7, 255
    cmpu $3=25, $3, $12=0
   cmpui $3=1, $3, 0
    andi $3=1, $3, 1
    cmpu $1=-9, $11=25, $12=0
   cmpui $1=1, $1, 0
     not $1=1, $1
    cmpu $2=0, $6=1, $12=0
   cmpui $2=1, $2, 0
     not $2=1, $2
      or $1=0, $3=1, $1
     and $1=1, $2=0, $1
    andi $6=1, $1=0, 255
  diru64 $3=1, $0=0, $16=2024, $18=100
   add64 $1=0, $10=739125, $9=506
  diru64 $5=5, $0=0, $4=0, $5
  muli64 $4=0, $8=0, 31
  diru64 $2=0, $0=0, $16=2024, $17=400
   sub64 $1=739631, $1, $3=20
   add64 $1=739611, $1, $2=5
  addi64 $1=739616, $1, -719527
   mul64 $3=20, $6=0, $7=0
   add64 $2=5, $4=0, $5=0
   add64 $1=20089, $1, $20=31
   add64 $1=20120, $1, $2=0
   add64 $1=20120, $1, $3=0
  addi64 $1=20120, $1, -1
  muli64 $1=20119, $1, 86400
   add64 $1=1738281600, $1, $14=75600
   add64 $1=1738357200, $1, $13=3180
   add64 $1=1738360380, $1, $19=26
    jala $0=0, $31=129330, 0
      cp $36=0, $1=1738360406
      cp $1=1738360406, $47=2025
      cp $2=0, $46=1
      cp $3=0, $45=31
      cp $4=0, $44=21
      cp $5=0, $43=53
      cp $6=0, $42=26
     jal $31=129330, $0=0, unix-timestamp.hb.unix_timestamp_secs
      cp $19=26, $6=26
      cp $9=506, $1=2025
      cp $8=0, $2=1
      cp $20=31, $3=31
      cp $6=26, $4=21
    li64 $1=2025, 3
    li64 $4=21, 153
    li64 $3=31, 2
    li64 $18=100, 100
    li64 $17=400, 400
    li64 $2=1, 4
  addi64 $16=2024, $9=2025, -1
    cmpu $15=0, $8=1, $1=3
   cmpui $15=-1, $15, -1
    andi $15=0, $15, 1
    cmpu $1=3, $8=1, $1
   cmpui $1=-1, $1, -1
     not $1=0, $1
   mul64 $4=153, $4, $8=1
    cmpu $7=0, $8=1, $3=2
   cmpui $7=-1, $7, 1
     not $7=1, $7
  muli64 $14=75600, $6=21, 3600
  muli64 $13=3180, $5=53, 60
    li64 $12=0, 0
  diru64 $0=0, $3=2, $9=2025, $18=100
  diru64 $0=0, $11=25, $9=2025, $17=400
  diru64 $0=0, $6=21, $9=2025, $2=4
  muli64 $10=739125, $9=2025, 365
  diru64 $9=2025, $0=0, $16=2024, $2=4
  addi64 $2=4, $8=1, -1
    andi $1=1, $1, 255
   mul64 $8=1, $1=1, $2=0
    li64 $5=53, 5
    andi $2=0, $15=0, 255
  addi64 $1=1, $4=153, -162
   mul64 $4=153, $2=0, $1=-9
    andi $7=0, $7, 255
    cmpu $3=25, $3, $12=0
   cmpui $3=1, $3, 0
    andi $3=1, $3, 1
    cmpu $1=-9, $11=25, $12=0
   cmpui $1=1, $1, 0
     not $1=1, $1
    cmpu $2=0, $6=1, $12=0
   cmpui $2=1, $2, 0
     not $2=1, $2
      or $1=0, $3=1, $1
     and $1=1, $2=0, $1
    andi $6=1, $1=0, 255
  diru64 $3=1, $0=0, $16=2024, $18=100
   add64 $1=0, $10=739125, $9=506
  diru64 $5=5, $0=0, $4=0, $5
  muli64 $4=0, $8=0, 31
  diru64 $2=0, $0=0, $16=2024, $17=400
   sub64 $1=739631, $1, $3=20
   add64 $1=739611, $1, $2=5
  addi64 $1=739616, $1, -719527
   mul64 $3=20, $6=0, $7=0
   add64 $2=5, $4=0, $5=0
   add64 $1=20089, $1, $20=31
   add64 $1=20120, $1, $2=0
   add64 $1=20120, $1, $3=0
  addi64 $1=20120, $1, -1
  muli64 $1=20119, $1, 86400
   add64 $1=1738281600, $1, $14=75600
   add64 $1=1738357200, $1, $13=3180
   add64 $1=1738360380, $1, $19=26
    jala $0=0, $31=129358, 0
      cp $35=0, $1=1738360406
      cp $1=1738360406, $47=2025
      cp $2=0, $46=1
      cp $3=0, $45=31
      cp $4=0, $44=21
      cp $5=0, $43=53
      cp $6=0, $42=26
     jal $31=129358, $0=0, unix-timestamp.hb.unix_timestamp_secs_lookup_table
      cp $8=0, $4=21
      cp $4=21, $5=53
      cp $18=100, $1=2025
      cp $5=53, $2=1
      cp $17=400, $3=31
      cp $16=2024, $6=26
    li64 $3=31, 4
    li64 $2=1, 2
    li64 $7=0, 100
    li64 $15=0, 400
  addi64 $14=75600, $18=2025, -1
  addi64 $1=2025, $5=1, -1
    cmpu $13=3180, $5=1, $2=2
   cmpui $13=-1, $13, 1
     not $13=1, $13
  muli64 $6=26, $18=2025, 365
  diru64 $5=1, $0=0, $14=2024, $3=4
  muli64 $12=0, $8=21, 3600
  muli64 $11=25, $4=53, 60
  diru64 $0=0, $3=4, $18=2025, $3
    li64 $10=739125, 0
  diru64 $0=0, $9=506, $18=2025, $7=100
  diru64 $0=0, $4=53, $18=2025, $15=400
     lra $2=2, $0=0, unix-timestamp.hb.sum_days
  muli64 $1=0, $1, 8
   add64 $8=21, $2=130622, $1=0
  diru64 $7=100, $0=0, $14=2024, $7
   add64 $6=739125, $6, $5=506
    andi $5=506, $13=0, 255
    cmpu $3=1, $3, $10=0
   cmpui $3=1, $3, 0
     not $3=1, $3
    cmpu $2=130622, $9=25, $10=0
   cmpui $2=1, $2, 0
    andi $2=1, $2, 1
    cmpu $1=0, $4=25, $10=0
   cmpui $1=1, $1, 0
     not $1=1, $1
      or $1=0, $2=1, $1
     and $1=1, $3=0, $1
    andi $4=25, $1=0, 255
  diru64 $2=1, $0=0, $14=2024, $15=400
   sub64 $1=0, $6=739631, $7=20
   add64 $1=739611, $1, $2=5
  addi64 $1=739616, $1, -719527
      ld $3=0, $8=130622, 0, 8
   add64 $1=20089, $1, $17=31
   mul64 $2=5, $4=0, $5=0
   add64 $1=20120, $1, $3=0
   add64 $1=20120, $1, $2=0
  addi64 $1=20120, $1, -1
  muli64 $1=20119, $1, 86400
   add64 $1=1738281600, $1, $12=75600
   add64 $1=1738357200, $1, $11=3180
   add64 $1=1738360380, $1, $16=26
    jala $0=0, $31=129386, 0
      cp $34=0, $1=1738360406
      cp $1=1738360406, $47=2025
      cp $2=0, $46=1
      cp $3=0, $45=31
      cp $4=0, $44=21
      cp $5=0, $43=53
      cp $6=739631, $42=26
     jal $31=129386, $0=0, unix-timestamp.hb.unix_timestamp_secs
      cp $19=26, $6=26
      cp $9=25, $1=2025
      cp $8=130622, $2=1
      cp $20=31, $3=31
      cp $6=26, $4=21
    li64 $1=2025, 3
    li64 $4=21, 153
    li64 $3=31, 2
    li64 $18=2025, 100
    li64 $17=31, 400
    li64 $2=1, 4
  addi64 $16=26, $9=2025, -1
    cmpu $15=400, $8=1, $1=3
   cmpui $15=-1, $15, -1
    andi $15=0, $15, 1
    cmpu $1=3, $8=1, $1
   cmpui $1=-1, $1, -1
     not $1=0, $1
   mul64 $4=153, $4, $8=1
    cmpu $7=20, $8=1, $3=2
   cmpui $7=-1, $7, 1
     not $7=1, $7
  muli64 $14=2024, $6=21, 3600
  muli64 $13=0, $5=53, 60
    li64 $12=75600, 0
  diru64 $0=0, $3=2, $9=2025, $18=100
  diru64 $0=0, $11=3180, $9=2025, $17=400
  diru64 $0=0, $6=21, $9=2025, $2=4
  muli64 $10=0, $9=2025, 365
  diru64 $9=2025, $0=0, $16=2024, $2=4
  addi64 $2=4, $8=1, -1
    andi $1=1, $1, 255
   mul64 $8=1, $1=1, $2=0
    li64 $5=53, 5
    andi $2=0, $15=0, 255
  addi64 $1=1, $4=153, -162
   mul64 $4=153, $2=0, $1=-9
    andi $7=0, $7, 255
    cmpu $3=25, $3, $12=0
   cmpui $3=1, $3, 0
    andi $3=1, $3, 1
    cmpu $1=-9, $11=25, $12=0
   cmpui $1=1, $1, 0
     not $1=1, $1
    cmpu $2=0, $6=1, $12=0
   cmpui $2=1, $2, 0
     not $2=1, $2
      or $1=0, $3=1, $1
     and $1=1, $2=0, $1
    andi $6=1, $1=0, 255
  diru64 $3=1, $0=0, $16=2024, $18=100
   add64 $1=0, $10=739125, $9=506
  diru64 $5=5, $0=0, $4=0, $5
  muli64 $4=0, $8=0, 31
  diru64 $2=0, $0=0, $16=2024, $17=400
   sub64 $1=739631, $1, $3=20
   add64 $1=739611, $1, $2=5
  addi64 $1=739616, $1, -719527
   mul64 $3=20, $6=0, $7=0
   add64 $2=5, $4=0, $5=0
   add64 $1=20089, $1, $20=31
   add64 $1=20120, $1, $2=0
   add64 $1=20120, $1, $3=0
  addi64 $1=20120, $1, -1
  muli64 $1=20119, $1, 86400
   add64 $1=1738281600, $1, $14=75600
   add64 $1=1738357200, $1, $13=3180
   add64 $1=1738360380, $1, $19=26
    jala $0=0, $31=129414, 0
      cp $33=0, $1=1738360406
      cp $1=1738360406, $47=2025
      cp $2=0, $46=1
      cp $3=0, $45=31
      cp $4=0, $44=21
      cp $5=0, $43=53
      cp $6=0, $42=26
     jal $31=129414, $0=0, unix-timestamp.hb.unix_timestamp_secs_lookup_table
      cp $8=0, $4=21
      cp $4=21, $5=53
      cp $18=100, $1=2025
      cp $5=53, $2=1
      cp $17=400, $3=31
      cp $16=2024, $6=26
    li64 $3=31, 4
    li64 $2=1, 2
    li64 $7=0, 100
    li64 $15=0, 400
  addi64 $14=75600, $18=2025, -1
  addi64 $1=2025, $5=1, -1
    cmpu $13=3180, $5=1, $2=2
   cmpui $13=-1, $13, 1
     not $13=1, $13
  muli64 $6=26, $18=2025, 365
  diru64 $5=1, $0=0, $14=2024, $3=4
  muli64 $12=0, $8=21, 3600
  muli64 $11=25, $4=53, 60
  diru64 $0=0, $3=4, $18=2025, $3
    li64 $10=739125, 0
  diru64 $0=0, $9=506, $18=2025, $7=100
  diru64 $0=0, $4=53, $18=2025, $15=400
     lra $2=2, $0=0, unix-timestamp.hb.sum_days
  muli64 $1=0, $1, 8
   add64 $8=21, $2=130622, $1=0
  diru64 $7=100, $0=0, $14=2024, $7
   add64 $6=739125, $6, $5=506
    andi $5=506, $13=0, 255
    cmpu $3=1, $3, $10=0
   cmpui $3=1, $3, 0
     not $3=1, $3
    cmpu $2=130622, $9=25, $10=0
   cmpui $2=1, $2, 0
    andi $2=1, $2, 1
    cmpu $1=0, $4=25, $10=0
   cmpui $1=1, $1, 0
     not $1=1, $1
      or $1=0, $2=1, $1
     and $1=1, $3=0, $1
    andi $4=25, $1=0, 255
  diru64 $2=1, $0=0, $14=2024, $15=400
   sub64 $1=0, $6=739631, $7=20
   add64 $1=739611, $1, $2=5
  addi64 $1=739616, $1, -719527
      ld $3=0, $8=130622, 0, 8
   add64 $1=20089, $1, $17=31
   mul64 $2=5, $4=0, $5=0
   add64 $1=20120, $1, $3=0
   add64 $1=20120, $1, $2=0
  addi64 $1=20120, $1, -1
  muli64 $1=20119, $1, 86400
   add64 $1=1738281600, $1, $12=75600
   add64 $1=1738357200, $1, $11=3180
   add64 $1=1738360380, $1, $16=26
    jala $0=0, $31=129442, 0
      cp $32=1970, $1=1738360406
      cp $1=1738360406, $47=2025
      cp $2=0, $46=1
      cp $3=0, $45=31
      cp $4=0, $44=21
      cp $5=0, $43=53
      cp $6=739631, $42=26
     jal $31=129442, $0=0, unix-timestamp.hb.unix_timestamp_secs
      cp $19=26, $6=26
      cp $9=25, $1=2025
      cp $8=130622, $2=1
      cp $20=31, $3=31
      cp $6=26, $4=21
    li64 $1=2025, 3
    li64 $4=21, 153
    li64 $3=31, 2
    li64 $18=2025, 100
    li64 $17=31, 400
    li64 $2=1, 4
  addi64 $16=26, $9=2025, -1
    cmpu $15=400, $8=1, $1=3
   cmpui $15=-1, $15, -1
    andi $15=0, $15, 1
    cmpu $1=3, $8=1, $1
   cmpui $1=-1, $1, -1
     not $1=0, $1
   mul64 $4=153, $4, $8=1
    cmpu $7=20, $8=1, $3=2
   cmpui $7=-1, $7, 1
     not $7=1, $7
  muli64 $14=2024, $6=21, 3600
  muli64 $13=0, $5=53, 60
    li64 $12=75600, 0
  diru64 $0=0, $3=2, $9=2025, $18=100
  diru64 $0=0, $11=3180, $9=2025, $17=400
  diru64 $0=0, $6=21, $9=2025, $2=4
  muli64 $10=0, $9=2025, 365
  diru64 $9=2025, $0=0, $16=2024, $2=4
  addi64 $2=4, $8=1, -1
    andi $1=1, $1, 255
   mul64 $8=1, $1=1, $2=0
    li64 $5=53, 5
    andi $2=0, $15=0, 255
  addi64 $1=1, $4=153, -162
   mul64 $4=153, $2=0, $1=-9
    andi $7=0, $7, 255
    cmpu $3=25, $3, $12=0
   cmpui $3=1, $3, 0
    andi $3=1, $3, 1
    cmpu $1=-9, $11=25, $12=0
   cmpui $1=1, $1, 0
     not $1=1, $1
    cmpu $2=0, $6=1, $12=0
   cmpui $2=1, $2, 0
     not $2=1, $2
      or $1=0, $3=1, $1
     and $1=1, $2=0, $1
    andi $6=1, $1=0, 255
  diru64 $3=1, $0=0, $16=2024, $18=100
   add64 $1=0, $10=739125, $9=506
  diru64 $5=5, $0=0, $4=0, $5
  muli64 $4=0, $8=0, 31
  diru64 $2=0, $0=0, $16=2024, $17=400
   sub64 $1=739631, $1, $3=20
   add64 $1=739611, $1, $2=5
  addi64 $1=739616, $1, -719527
   mul64 $3=20, $6=0, $7=0
   add64 $2=5, $4=0, $5=0
   add64 $1=20089, $1, $20=31
   add64 $1=20120, $1, $2=0
   add64 $1=20120, $1, $3=0
  addi64 $1=20120, $1, -1
  muli64 $1=20119, $1, 86400
   add64 $1=1738281600, $1, $14=75600
   add64 $1=1738357200, $1, $13=3180
   add64 $1=1738360380, $1, $19=26
    jala $0=0, $31=129470, 0
      cp $4=0, $1=1738360406
    li64 $1=1738360406, 1738360406
    li64 $3=0, 31535999
    li64 $2=0, 2147483648
    cmpu $7=0, $39=0, $40=0
   cmpui $7=0, $7, 0
    andi $7=0, $7, 1
    cmpu $1=1738360406, $41=1738360406, $1
   cmpui $1=0, $1, 0
    andi $1=0, $1, 1
    cmpu $6=0, $34=1738360406, $33=1738360406
   cmpui $6=0, $6, 0
    andi $6=0, $6, 1
    cmpu $5=0, $32=1738360406, $4=1738360406
   cmpui $5=0, $5, 0
    andi $5=0, $5, 1
    cmpu $4=1738360406, $36=1738360406, $35=1738360406
   cmpui $4=0, $4, 0
    andi $4=0, $4, 1
    cmpu $3=31535999, $37=31535999, $3
   cmpui $3=0, $3, 0
    andi $3=0, $3, 1
    cmpu $2=2147483648, $38=2147483648, $2
   cmpui $2=0, $2, 0
    andi $2=0, $2, 1
      or $1=0, $1, $7=0
      or $1=0, $1, $2=0
      or $1=0, $1, $3=0
      or $1=0, $1, $4=0
      or $1=0, $1, $6=0
      or $1=0, $1, $5=0
     ori $1=0, $1, 1
  addi64 $254=128897, $254, 136
      ld $31=129470, $254=129033, -136, 136
      tx
expected 0, found 1
thread 3035916 panic: attempt to unwrap error: TestExpectedEqual
/home/mlokis/zig/14.1/lib/std/testing.zig:103:17: 0x112e756 in expectEqualInner__anon_21816 (std.zig)
                return error.TestExpectedEqual;
                ^
/home/mlokis/personal/zig/hblang/src/test_util.zig:66:9: 0x112e8f0 in assert (root.zig)
        try std.testing.expectEqual(expectations.return_value, ret);
        ^
/home/mlokis/zig/14.1/lib/std/testing.zig:103:17: 0x112e756 in expectEqualInner__anon_21816 (std.zig)
                return error.TestExpectedEqual;
                ^
/home/mlokis/personal/zig/hblang/src/test_util.zig:66:9: 0x112e8f0 in assert (root.zig)
        try std.testing.expectEqual(expectations.return_value, ret);
        ^
Unwind error at address `exe:0x121d44d` (error.AddressOutOfRange), trace may be incomplete

/home/mlokis/personal/zig/hblang/src/root.zig:345:23: 0x1131ec5 in compile (root.zig)
            })) catch unreachable;
                      ^
/home/mlokis/personal/zig/hblang/src/test_util.zig:71:31: 0x11262a9 in runVendoredTest (root.zig)
    var ast = try root.compile(.{
                              ^
/home/mlokis/personal/zig/hblang/src/tests.zig:210:34: 0x1126553 in runVendoredTest (tests.zig)
    try test_util.runVendoredTest(path, "hbvm-ableos", .all);
                                 ^
/home/mlokis/personal/zig/hblang/.zig-cache/o/c93b32a798b83400f3e8928ed62dfd71/vendored_tests.zig:64:30: 0x1126980 in test./lily//lang/unix-timestamp.hb (vendored_tests.zig)
    try utils.runVendoredTest("/home/mlokis/personal/zig/hblang/vendored-tests/lily/hbc-tests/lang/unix-timestamp.hb");
                             ^
/home/mlokis/zig/14.1/lib/compiler/test_runner.zig:126:29: 0x175e83f in mainServer (test_runner.zig)
                test_fn.func() catch |err| switch (err) {
                            ^
/home/mlokis/zig/14.1/lib/compiler/test_runner.zig:60:26: 0x175f9ee in main (test_runner.zig)
        return mainServer() catch @panic("internal test runner failure");
                         ^
/home/mlokis/zig/14.1/lib/std/start.zig:651:22: 0x1758dd9 in posixCallMainAndExit (std.zig)
            root.main();
                     ^
/home/mlokis/zig/14.1/lib/std/start.zig:271:5: 0x17586bc in _start (std.zig)
    asm volatile (switch (native_arch) {
    ^
error: while executing test 'vendored_tests.test./lily//lang/unix-timestamp.hb', the following command terminated with signal 6 (expected exited with code 0):
/home/mlokis/personal/zig/hblang/.zig-cache/o/b349f4cd6b0769e95169210d0dfb23f0/vendored_tests --seed=0xa933a1e6 --cache-dir=/home/mlokis/personal/zig/hblang/.zig-cache --listen=- 
Build Summary: 8/10 steps succeeded; 1 failed; 1/1 tests passed
test transitive failure
+- run vendored_tests failure
error: the following build command failed with exit code 1:
/home/mlokis/personal/zig/hblang/.zig-cache/o/8787df4e0a8071cd12506b4a93f05c74/build /home/mlokis/zig/14.1/zig /home/mlokis/zig/14.1/lib /home/mlokis/personal/zig/hblang /home/mlokis/personal/zig/hblang/.zig-cache /home/mlokis/.cache/zig --seed 0xa933a1e6 -Zd705917473e5a461 test -Dtf=unix
